0001_0037_0030_0057_0057.jpg 1 37 30 57 57
0002_0038_0044_0045_0045.jpg 1 38 44 45 45
0003_0026_0049_0042_0042.jpg 1 26 49 42 42
0004_0047_0042_0035_0035.jpg 1 47 42 35 35
0005_0019_0036_0034_0034.jpg 1 19 36 34 34
0006_0011_0033_0042_0042.jpg 1 11 33 42 42
0007_0005_0022_0047_0047.jpg 1 5 22 47 47
0008_0051_0046_0028_0028.jpg 1 51 46 28 28
0009_0040_0006_0045_0045.jpg 1 40 6 45 45
0010_0034_0006_0052_0052.jpg 1 34 6 52 52
0011_0035_0023_0056_0056.jpg 1 35 23 56 56
0012_0041_0024_0047_0047.jpg 1 41 24 47 47
0013_0019_0031_0035_0035.jpg 1 19 31 35 35
0014_0026_0005_0067_0067.jpg 1 26 5 67 67
0015_0038_0029_0057_0057.jpg 1 38 29 57 57
0016_0020_0006_0058_0058.jpg 1 20 6 58 58
0017_0039_0026_0051_0051.jpg 1 39 26 51 51
0018_0013_0031_0029_0029.jpg 1 13 31 29 29
0019_0022_0012_0060_0060.jpg 1 22 12 60 60
0020_0046_0015_0045_0045.jpg 1 46 15 45 45
0021_0039_0036_0041_0041.jpg 1 39 36 41 41
0022_0032_0008_0061_0061.jpg 1 32 8 61 61
0023_0014_0008_0057_0057.jpg 1 14 8 57 57
0024_0008_0011_0043_0043.jpg 1 8 11 43 43
0025_0026_0012_0065_0065.jpg 1 26 12 65 65
0026_0004_0033_0053_0053.jpg 1 4 33 53 53
0027_0013_0025_0048_0048.jpg 1 13 25 48 48
0028_0021_0015_0068_0068.jpg 1 21 15 68 68
0029_0021_0005_0067_0067.jpg 1 21 5 67 67
0030_0021_0026_0033_0033.jpg 1 21 26 33 33
0031_0008_0007_0034_0034.jpg 1 8 7 34 34
0032_0024_0025_0066_0066.jpg 1 24 25 66 66
0033_0027_0032_0039_0039.jpg 1 27 32 39 39
0034_0008_0040_0037_0037.jpg 1 8 40 37 37
0035_0044_0049_0039_0039.jpg 1 44 49 39 39
0036_0031_0007_0029_0029.jpg 1 31 7 29 29
0037_0017_0010_0063_0063.jpg 1 17 10 63 63
0038_0013_0010_0063_0063.jpg 1 13 10 63 63
0039_0019_0013_0038_0038.jpg 1 19 13 38 38
0040_0031_0034_0031_0031.jpg 1 31 34 31 31
0041_0045_0035_0028_0028.jpg 1 45 35 28 28
0042_0030_0026_0027_0027.jpg 1 30 26 27 27
0043_0029_0021_0060_0060.jpg 1 29 21 60 60
0044_0029_0050_0025_0025.jpg 1 29 50 25 25
0045_0007_0025_0058_0058.jpg 1 7 25 58 58
0046_0012_0034_0035_0035.jpg 1 12 34 35 35
0047_0042_0010_0049_0049.jpg 1 42 10 49 49
0048_0020_0021_0040_0040.jpg 1 20 21 40 40
0049_0015_0011_0041_0041.jpg 1 15 11 41 41
0050_0023_0021_0065_0065.jpg 1 23 21 65 65
0051_0022_0042_0045_0045.jpg 1 22 42 45 45
0052_0026_0010_0047_0047.jpg 1 26 10 47 47
0053_0025_0066_0026_0026.jpg 1 25 66 26 26
0054_0045_0049_0028_0028.jpg 1 45 49 28 28
0055_0015_0022_0050_0050.jpg 1 15 22 50 50
0056_0031_0054_0031_0031.jpg 1 31 54 31 31
0057_0059_0012_0033_0033.jpg 1 59 12 33 33
0058_0033_0023_0062_0062.jpg 1 33 23 62 62
0059_0046_0056_0030_0030.jpg 1 46 56 30 30
0060_0018_0024_0061_0061.jpg 1 18 24 61 61
0061_0028_0014_0063_0063.jpg 1 28 14 63 63
0062_0031_0042_0034_0034.jpg 1 31 42 34 34
0063_0035_0036_0058_0058.jpg 1 35 36 58 58
0064_0033_0055_0026_0026.jpg 1 33 55 26 26
0065_0009_0017_0042_0042.jpg 1 9 17 42 42
0066_0051_0064_0028_0028.jpg 1 51 64 28 28
0067_0054_0022_0031_0031.jpg 1 54 22 31 31
0068_0025_0037_0044_0044.jpg 1 25 37 44 44
0069_0013_0006_0046_0046.jpg 1 13 6 46 46
0070_0034_0021_0058_0058.jpg 1 34 21 58 58
0071_0049_0017_0032_0032.jpg 1 49 17 32 32
0072_0051_0023_0028_0028.jpg 1 51 23 28 28
0073_0027_0033_0048_0048.jpg 1 27 33 48 48
0074_0011_0031_0060_0060.jpg 1 11 31 60 60
0075_0028_0026_0024_0024.jpg 1 28 26 24 24
0076_0018_0032_0032_0032.jpg 1 18 32 32 32
0077_0011_0053_0037_0037.jpg 1 11 53 37 37
0078_0026_0031_0060_0060.jpg 1 26 31 60 60
0079_0058_0046_0030_0030.jpg 1 58 46 30 30
0080_0044_0007_0029_0029.jpg 1 44 7 29 29
0081_0051_0053_0039_0039.jpg 1 51 53 39 39
0082_0021_0023_0057_0057.jpg 1 21 23 57 57
0083_0021_0029_0056_0056.jpg 1 21 29 56 56
0084_0018_0051_0035_0035.jpg 1 18 51 35 35
0085_0011_0040_0044_0044.jpg 1 11 40 44 44
0086_0020_0061_0030_0030.jpg 1 20 61 30 30
0087_0028_0024_0055_0055.jpg 1 28 24 55 55
0088_0029_0019_0059_0059.jpg 1 29 19 59 59
0089_0015_0025_0068_0068.jpg 1 15 25 68 68
0090_0004_0027_0064_0064.jpg 1 4 27 64 64
0091_0014_0044_0024_0024.jpg 1 14 44 24 24
0092_0026_0018_0047_0047.jpg 1 26 18 47 47
0093_0018_0033_0052_0052.jpg 1 18 33 52 52
0094_0035_0032_0026_0026.jpg 1 35 32 26 26
0095_0030_0021_0065_0065.jpg 1 30 21 65 65
0096_0013_0007_0062_0062.jpg 1 13 7 62 62
0097_0011_0009_0054_0054.jpg 1 11 9 54 54
0098_0017_0021_0064_0064.jpg 1 17 21 64 64
0099_0044_0054_0033_0033.jpg 1 44 54 33 33
0100_0019_0016_0059_0059.jpg 1 19 16 59 59
0101_0048_0013_0037_0037.jpg 1 48 13 37 37
0102_0027_0005_0060_0060.jpg 1 27 5 60 60
0103_0027_0026_0041_0041.jpg 1 27 26 41 41
0104_0043_0038_0030_0030.jpg 1 43 38 30 30
0105_0058_0030_0029_0029.jpg 1 58 30 29 29
0106_0016_0016_0040_0040.jpg 1 16 16 40 40
0107_0015_0031_0033_0033.jpg 1 15 31 33 33
0108_0007_0054_0033_0033.jpg 1 7 54 33 33
0109_0009_0043_0048_0048.jpg 1 9 43 48 48
0110_0045_0037_0037_0037.jpg 1 45 37 37 37
0111_0014_0034_0060_0060.jpg 1 14 34 60 60
0112_0042_0046_0037_0037.jpg 1 42 46 37 37
0113_0007_0019_0045_0045.jpg 1 7 19 45 45
0114_0050_0009_0027_0027.jpg 1 50 9 27 27
0115_0004_0012_0064_0064.jpg 1 4 12 64 64
0116_0022_0019_0066_0066.jpg 1 22 19 66 66
0117_0041_0037_0049_0049.jpg 1 41 37 49 49
0118_0031_0031_0057_0057.jpg 1 31 31 57 57
0119_0029_0030_0058_0058.jpg 1 29 30 58 58
0120_0026_0023_0062_0062.jpg 1 26 23 62 62
0121_0027_0022_0068_0068.jpg 1 27 22 68 68
0122_0024_0018_0038_0038.jpg 1 24 18 38 38
0123_0029_0009_0061_0061.jpg 1 29 9 61 61
0124_0012_0048_0036_0036.jpg 1 12 48 36 36
0125_0013_0012_0038_0038.jpg 1 13 12 38 38
0126_0014_0038_0050_0050.jpg 1 14 38 50 50
0127_0016_0028_0064_0064.jpg 1 16 28 64 64
0128_0014_0028_0061_0061.jpg 1 14 28 61 61
0129_0028_0032_0026_0026.jpg 1 28 32 26 26
0130_0007_0050_0025_0025.jpg 1 7 50 25 25
0131_0010_0011_0062_0062.jpg 1 10 11 62 62
0132_0054_0033_0031_0031.jpg 1 54 33 31 31
0133_0051_0017_0042_0042.jpg 1 51 17 42 42
0134_0025_0058_0028_0028.jpg 1 25 58 28 28
0135_0012_0031_0032_0032.jpg 1 12 31 32 32
0136_0013_0039_0040_0040.jpg 1 13 39 40 40
0137_0043_0034_0032_0032.jpg 1 43 34 32 32
0138_0032_0024_0057_0057.jpg 1 32 24 57 57
0139_0005_0019_0051_0051.jpg 1 5 19 51 51
0140_0009_0008_0058_0058.jpg 1 9 8 58 58
0141_0024_0027_0066_0066.jpg 1 24 27 66 66
0142_0027_0050_0031_0031.jpg 1 27 50 31 31
0143_0044_0044_0042_0042.jpg 1 44 44 42 42
0144_0027_0025_0038_0038.jpg 1 27 25 38 38
0145_0037_0012_0030_0030.jpg 1 37 12 30 30
0146_0055_0040_0037_0037.jpg 1 55 40 37 37
0147_0006_0032_0061_0061.jpg 1 6 32 61 61
0148_0047_0035_0043_0043.jpg 1 47 35 43 43
0149_0037_0007_0043_0043.jpg 1 37 7 43 43
0150_0008_0021_0028_0028.jpg 1 8 21 28 28
0151_0017_0010_0055_0055.jpg 1 17 10 55 55
0152_0041_0039_0039_0039.jpg 1 41 39 39 39
0153_0019_0039_0052_0052.jpg 1 19 39 52 52
0154_0047_0031_0032_0032.jpg 1 47 31 32 32
0155_0023_0059_0030_0030.jpg 1 23 59 30 30
0156_0026_0023_0032_0032.jpg 1 26 23 32 32
0157_0049_0010_0037_0037.jpg 1 49 10 37 37
0158_0029_0038_0046_0046.jpg 1 29 38 46 46
0159_0050_0007_0031_0031.jpg 1 50 7 31 31
0160_0028_0015_0035_0035.jpg 1 28 15 35 35
0161_0028_0040_0033_0033.jpg 1 28 40 33 33
0162_0025_0010_0069_0069.jpg 1 25 10 69 69
0163_0036_0027_0039_0039.jpg 1 36 27 39 39
0164_0032_0032_0063_0063.jpg 1 32 32 63 63
0165_0033_0022_0031_0031.jpg 1 33 22 31 31
0166_0007_0007_0065_0065.jpg 1 7 7 65 65
0167_0034_0019_0050_0050.jpg 1 34 19 50 50
0168_0024_0035_0043_0043.jpg 1 24 35 43 43
0169_0038_0032_0028_0028.jpg 1 38 32 28 28
0170_0008_0022_0040_0040.jpg 1 8 22 40 40
0171_0012_0033_0036_0036.jpg 1 12 33 36 36
0172_0019_0017_0032_0032.jpg 1 19 17 32 32
0173_0047_0020_0030_0030.jpg 1 47 20 30 30
0174_0032_0022_0032_0032.jpg 1 32 22 32 32
0175_0027_0012_0045_0045.jpg 1 27 12 45 45
0176_0028_0017_0066_0066.jpg 1 28 17 66 66
0177_0031_0010_0062_0062.jpg 1 31 10 62 62
0178_0055_0052_0032_0032.jpg 1 55 52 32 32
0179_0035_0019_0046_0046.jpg 1 35 19 46 46
0180_0022_0032_0055_0055.jpg 1 22 32 55 55
0181_0036_0022_0034_0034.jpg 1 36 22 34 34
0182_0008_0030_0028_0028.jpg 1 8 30 28 28
0183_0037_0005_0049_0049.jpg 1 37 5 49 49
0184_0032_0025_0057_0057.jpg 1 32 25 57 57
0185_0035_0021_0042_0042.jpg 1 35 21 42 42
0186_0024_0030_0052_0052.jpg 1 24 30 52 52
0187_0017_0007_0066_0066.jpg 1 17 7 66 66
0188_0009_0027_0034_0034.jpg 1 9 27 34 34
0189_0040_0013_0036_0036.jpg 1 40 13 36 36
0190_0014_0015_0069_0069.jpg 1 14 15 69 69
0191_0024_0015_0048_0048.jpg 1 24 15 48 48
0192_0039_0015_0047_0047.jpg 1 39 15 47 47
0193_0032_0033_0062_0062.jpg 1 32 33 62 62
0194_0053_0053_0039_0039.jpg 1 53 53 39 39
0195_0029_0009_0049_0049.jpg 1 29 9 49 49
0196_0023_0035_0051_0051.jpg 1 23 35 51 51
0197_0048_0024_0029_0029.jpg 1 48 24 29 29
0198_0036_0018_0028_0028.jpg 1 36 18 28 28
0199_0040_0018_0046_0046.jpg 1 40 18 46 46
0200_0019_0031_0059_0059.jpg 1 19 31 59 59
0201_0018_0006_0066_0066.jpg 1 18 6 66 66
0202_0009_0029_0041_0041.jpg 1 9 29 41 41
0203_0016_0012_0056_0056.jpg 1 16 12 56 56
0204_0019_0024_0034_0034.jpg 1 19 24 34 34
0205_0019_0013_0045_0045.jpg 1 19 13 45 45
0206_0010_0016_0050_0050.jpg 1 10 16 50 50
0207_0010_0045_0042_0042.jpg 1 10 45 42 42
0208_0031_0047_0025_0025.jpg 1 31 47 25 25
0209_0032_0055_0031_0031.jpg 1 32 55 31 31
0210_0027_0019_0039_0039.jpg 1 27 19 39 39
0211_0046_0019_0044_0044.jpg 1 46 19 44 44
0212_0011_0004_0059_0059.jpg 1 11 4 59 59
0213_0031_0036_0052_0052.jpg 1 31 36 52 52
0214_0033_0018_0038_0038.jpg 1 33 18 38 38
0215_0007_0029_0055_0055.jpg 1 7 29 55 55
0216_0010_0014_0068_0068.jpg 1 10 14 68 68
0217_0026_0026_0053_0053.jpg 1 26 26 53 53
0218_0024_0015_0044_0044.jpg 1 24 15 44 44
0219_0023_0012_0064_0064.jpg 1 23 12 64 64
0220_0027_0018_0032_0032.jpg 1 27 18 32 32
0221_0012_0033_0059_0059.jpg 1 12 33 59 59
0222_0026_0022_0041_0041.jpg 1 26 22 41 41
0223_0009_0016_0047_0047.jpg 1 9 16 47 47
0224_0037_0042_0045_0045.jpg 1 37 42 45 45
0225_0036_0008_0028_0028.jpg 1 36 8 28 28
0226_0031_0020_0062_0062.jpg 1 31 20 62 62
0227_0030_0034_0039_0039.jpg 1 30 34 39 39
0228_0006_0017_0068_0068.jpg 1 6 17 68 68
0229_0010_0044_0046_0046.jpg 1 10 44 46 46
0230_0027_0019_0031_0031.jpg 1 27 19 31 31
0231_0005_0043_0050_0050.jpg 1 5 43 50 50
0232_0037_0033_0045_0045.jpg 1 37 33 45 45
0233_0042_0054_0037_0037.jpg 1 42 54 37 37
0234_0007_0019_0044_0044.jpg 1 7 19 44 44
0235_0033_0010_0040_0040.jpg 1 33 10 40 40
0236_0007_0021_0068_0068.jpg 1 7 21 68 68
0237_0009_0033_0056_0056.jpg 1 9 33 56 56
0238_0011_0016_0067_0067.jpg 1 11 16 67 67
0239_0014_0015_0029_0029.jpg 1 14 15 29 29
0240_0045_0042_0048_0048.jpg 1 45 42 48 48
0241_0054_0050_0031_0031.jpg 1 54 50 31 31
0242_0016_0033_0032_0032.jpg 1 16 33 32 32
0243_0005_0025_0055_0055.jpg 1 5 25 55 55
0244_0061_0055_0030_0030.jpg 1 61 55 30 30
0245_0036_0029_0058_0058.jpg 1 36 29 58 58
0246_0036_0036_0041_0041.jpg 1 36 36 41 41
0247_0007_0025_0032_0032.jpg 1 7 25 32 32
0248_0040_0042_0050_0050.jpg 1 40 42 50 50
0249_0015_0038_0025_0025.jpg 1 15 38 25 25
0250_0032_0009_0044_0044.jpg 1 32 9 44 44
0251_0018_0035_0057_0057.jpg 1 18 35 57 57
0252_0031_0030_0045_0045.jpg 1 31 30 45 45
0253_0022_0032_0052_0052.jpg 1 22 32 52 52
0254_0017_0025_0065_0065.jpg 1 17 25 65 65
0255_0018_0031_0026_0026.jpg 1 18 31 26 26
0256_0006_0012_0069_0069.jpg 1 6 12 69 69
0257_0060_0014_0033_0033.jpg 1 60 14 33 33
0258_0033_0033_0060_0060.jpg 1 33 33 60 60
0259_0028_0024_0039_0039.jpg 1 28 24 39 39
0260_0050_0039_0029_0029.jpg 1 50 39 29 29
0261_0061_0059_0024_0024.jpg 1 61 59 24 24
0262_0026_0044_0024_0024.jpg 1 26 44 24 24
0263_0010_0023_0031_0031.jpg 1 10 23 31 31
0264_0029_0017_0045_0045.jpg 1 29 17 45 45
0265_0059_0055_0027_0027.jpg 1 59 55 27 27
0266_0032_0009_0054_0054.jpg 1 32 9 54 54
0267_0030_0016_0058_0058.jpg 1 30 16 58 58
0268_0014_0025_0052_0052.jpg 1 14 25 52 52
0269_0031_0009_0061_0061.jpg 1 31 9 61 61
0270_0033_0047_0034_0034.jpg 1 33 47 34 34
0271_0050_0034_0027_0027.jpg 1 50 34 27 27
0272_0036_0011_0039_0039.jpg 1 36 11 39 39
0273_0044_0029_0044_0044.jpg 1 44 29 44 44
0274_0017_0056_0028_0028.jpg 1 17 56 28 28
0275_0007_0013_0052_0052.jpg 1 7 13 52 52
0276_0030_0024_0054_0054.jpg 1 30 24 54 54
0277_0036_0013_0054_0054.jpg 1 36 13 54 54
0278_0019_0026_0054_0054.jpg 1 19 26 54 54
0279_0022_0031_0034_0034.jpg 1 22 31 34 34
0280_0050_0041_0042_0042.jpg 1 50 41 42 42
0281_0008_0014_0055_0055.jpg 1 8 14 55 55
0282_0042_0009_0049_0049.jpg 1 42 9 49 49
0283_0006_0005_0058_0058.jpg 1 6 5 58 58
0284_0031_0009_0038_0038.jpg 1 31 9 38 38
0285_0007_0037_0032_0032.jpg 1 7 37 32 32
0286_0023_0036_0035_0035.jpg 1 23 36 35 35
0287_0040_0054_0031_0031.jpg 1 40 54 31 31
0288_0028_0013_0045_0045.jpg 1 28 13 45 45
0289_0020_0005_0053_0053.jpg 1 20 5 53 53
0290_0027_0027_0067_0067.jpg 1 27 27 67 67
0291_0006_0032_0051_0051.jpg 1 6 32 51 51
0292_0025_0029_0060_0060.jpg 1 25 29 60 60
0293_0005_0007_0067_0067.jpg 1 5 7 67 67
0294_0014_0028_0063_0063.jpg 1 14 28 63 63
0295_0013_0014_0059_0059.jpg 1 13 14 59 59
0296_0053_0017_0025_0025.jpg 1 53 17 25 25
0297_0010_0029_0052_0052.jpg 1 10 29 52 52
0298_0038_0031_0046_0046.jpg 1 38 31 46 46
0299_0020_0006_0053_0053.jpg 1 20 6 53 53
0300_0021_0026_0036_0036.jpg 1 21 26 36 36
0301_0027_0008_0068_0068.jpg 1 27 8 68 68
0302_0041_0029_0049_0049.jpg 1 41 29 49 49
0303_0004_0008_0069_0069.jpg 1 4 8 69 69
0304_0017_0007_0059_0059.jpg 1 17 7 59 59
0305_0004_0032_0060_0060.jpg 1 4 32 60 60
0306_0010_0018_0054_0054.jpg 1 10 18 54 54
0307_0031_0025_0040_0040.jpg 1 31 25 40 40
0308_0024_0005_0061_0061.jpg 1 24 5 61 61
0309_0015_0010_0069_0069.jpg 1 15 10 69 69
0310_0031_0011_0036_0036.jpg 1 31 11 36 36
0311_0022_0015_0054_0054.jpg 1 22 15 54 54
0312_0005_0023_0067_0067.jpg 1 5 23 67 67
0313_0030_0016_0054_0054.jpg 1 30 16 54 54
0314_0020_0031_0033_0033.jpg 1 20 31 33 33
0315_0038_0008_0051_0051.jpg 1 38 8 51 51
0316_0033_0035_0025_0025.jpg 1 33 35 25 25
0317_0010_0020_0056_0056.jpg 1 10 20 56 56
0318_0050_0055_0036_0036.jpg 1 50 55 36 36
0319_0011_0015_0069_0069.jpg 1 11 15 69 69
0320_0031_0004_0053_0053.jpg 1 31 4 53 53
0321_0029_0038_0027_0027.jpg 1 29 38 27 27
0322_0045_0033_0031_0031.jpg 1 45 33 31 31
0323_0009_0034_0059_0059.jpg 1 9 34 59 59
0324_0023_0030_0046_0046.jpg 1 23 30 46 46
0325_0024_0007_0039_0039.jpg 1 24 7 39 39
0326_0020_0013_0062_0062.jpg 1 20 13 62 62
0327_0013_0030_0053_0053.jpg 1 13 30 53 53
0328_0049_0020_0029_0029.jpg 1 49 20 29 29
0329_0023_0004_0055_0055.jpg 1 23 4 55 55
0330_0029_0009_0059_0059.jpg 1 29 9 59 59
0331_0021_0026_0056_0056.jpg 1 21 26 56 56
0332_0011_0017_0063_0063.jpg 1 11 17 63 63
0333_0048_0024_0025_0025.jpg 1 48 24 25 25
0334_0051_0049_0032_0032.jpg 1 51 49 32 32
0335_0015_0014_0062_0062.jpg 1 15 14 62 62
0336_0020_0004_0059_0059.jpg 1 20 4 59 59
0337_0020_0033_0044_0044.jpg 1 20 33 44 44
0338_0029_0013_0043_0043.jpg 1 29 13 43 43
0339_0017_0043_0046_0046.jpg 1 17 43 46 46
0340_0045_0050_0028_0028.jpg 1 45 50 28 28
0341_0047_0013_0031_0031.jpg 1 47 13 31 31
0342_0014_0009_0054_0054.jpg 1 14 9 54 54
0343_0018_0022_0064_0064.jpg 1 18 22 64 64
0344_0026_0009_0067_0067.jpg 1 26 9 67 67
0345_0043_0040_0050_0050.jpg 1 43 40 50 50
0346_0021_0008_0057_0057.jpg 1 21 8 57 57
0347_0057_0025_0035_0035.jpg 1 57 25 35 35
0348_0011_0028_0035_0035.jpg 1 11 28 35 35
0349_0049_0066_0024_0024.jpg 1 49 66 24 24
0350_0021_0017_0027_0027.jpg 1 21 17 27 27
0351_0032_0018_0051_0051.jpg 1 32 18 51 51
0352_0047_0035_0035_0035.jpg 1 47 35 35 35
0353_0027_0007_0050_0050.jpg 1 27 7 50 50
0354_0042_0033_0024_0024.jpg 1 42 33 24 24
0355_0011_0026_0049_0049.jpg 1 11 26 49 49
0356_0012_0027_0064_0064.jpg 1 12 27 64 64
0357_0024_0005_0067_0067.jpg 1 24 5 67 67
0358_0030_0016_0065_0065.jpg 1 30 16 65 65
0359_0050_0047_0031_0031.jpg 1 50 47 31 31
0360_0018_0021_0044_0044.jpg 1 18 21 44 44
0361_0012_0026_0050_0050.jpg 1 12 26 50 50
0362_0016_0040_0052_0052.jpg 1 16 40 52 52
0363_0029_0050_0040_0040.jpg 1 29 50 40 40
0364_0039_0016_0031_0031.jpg 1 39 16 31 31
0365_0013_0007_0041_0041.jpg 1 13 7 41 41
0366_0004_0009_0058_0058.jpg 1 4 9 58 58
0367_0024_0036_0044_0044.jpg 1 24 36 44 44
0368_0012_0022_0037_0037.jpg 1 12 22 37 37
0369_0020_0024_0044_0044.jpg 1 20 24 44 44
0370_0029_0035_0024_0024.jpg 1 29 35 24 24
0371_0017_0043_0047_0047.jpg 1 17 43 47 47
0372_0038_0050_0032_0032.jpg 1 38 50 32 32
0373_0019_0005_0056_0056.jpg 1 19 5 56 56
0374_0007_0035_0034_0034.jpg 1 7 35 34 34
0375_0038_0030_0054_0054.jpg 1 38 30 54 54
0376_0008_0015_0046_0046.jpg 1 8 15 46 46
0377_0009_0013_0063_0063.jpg 1 9 13 63 63
0378_0016_0035_0041_0041.jpg 1 16 35 41 41
0379_0038_0057_0028_0028.jpg 1 38 57 28 28
0380_0037_0038_0056_0056.jpg 1 37 38 56 56
0381_0007_0007_0067_0067.jpg 1 7 7 67 67
0382_0029_0042_0046_0046.jpg 1 29 42 46 46
0383_0010_0033_0038_0038.jpg 1 10 33 38 38
0384_0019_0012_0068_0068.jpg 1 19 12 68 68
0385_0012_0006_0040_0040.jpg 1 12 6 40 40
0386_0003_0004_0063_0063.jpg 1 3 4 63 63
0387_0019_0022_0050_0050.jpg 1 19 22 50 50
0388_0019_0006_0066_0066.jpg 1 19 6 66 66
0389_0032_0008_0050_0050.jpg 1 32 8 50 50
0390_0020_0034_0034_0034.jpg 1 20 34 34 34
0391_0033_0012_0042_0042.jpg 1 33 12 42 42
0392_0006_0022_0055_0055.jpg 1 6 22 55 55
0393_0022_0023_0069_0069.jpg 1 22 23 69 69
0394_0014_0027_0025_0025.jpg 1 14 27 25 25
0395_0008_0031_0055_0055.jpg 1 8 31 55 55
0396_0010_0026_0043_0043.jpg 1 10 26 43 43
0397_0040_0055_0033_0033.jpg 1 40 55 33 33
0398_0020_0029_0064_0064.jpg 1 20 29 64 64
0399_0005_0008_0049_0049.jpg 1 5 8 49 49
0400_0010_0005_0044_0044.jpg 1 10 5 44 44
0401_0016_0010_0032_0032.jpg 1 16 10 32 32
0402_0011_0034_0037_0037.jpg 1 11 34 37 37
0403_0018_0051_0037_0037.jpg 1 18 51 37 37
0404_0007_0022_0067_0067.jpg 1 7 22 67 67
0405_0007_0023_0052_0052.jpg 1 7 23 52 52
0406_0026_0006_0068_0068.jpg 1 26 6 68 68
0407_0018_0016_0069_0069.jpg 1 18 16 69 69
0408_0018_0032_0034_0034.jpg 1 18 32 34 34
0409_0032_0023_0058_0058.jpg 1 32 23 58 58
0410_0032_0032_0046_0046.jpg 1 32 32 46 46
0411_0015_0056_0028_0028.jpg 1 15 56 28 28
0412_0021_0015_0035_0035.jpg 1 21 15 35 35
0413_0014_0018_0069_0069.jpg 1 14 18 69 69
0414_0005_0036_0052_0052.jpg 1 5 36 52 52
0415_0016_0010_0068_0068.jpg 1 16 10 68 68
0416_0026_0052_0027_0027.jpg 1 26 52 27 27
0417_0024_0022_0064_0064.jpg 1 24 22 64 64
0418_0032_0014_0036_0036.jpg 1 32 14 36 36
0419_0034_0025_0035_0035.jpg 1 34 25 35 35
0420_0011_0012_0063_0063.jpg 1 11 12 63 63
0421_0032_0050_0040_0040.jpg 1 32 50 40 40
0422_0032_0018_0037_0037.jpg 1 32 18 37 37
0423_0028_0004_0065_0065.jpg 1 28 4 65 65
0424_0051_0008_0033_0033.jpg 1 51 8 33 33
0425_0017_0016_0063_0063.jpg 1 17 16 63 63
0426_0009_0005_0060_0060.jpg 1 9 5 60 60
0427_0012_0035_0059_0059.jpg 1 12 35 59 59
0428_0022_0025_0041_0041.jpg 1 22 25 41 41
0429_0048_0044_0024_0024.jpg 1 48 44 24 24
0430_0022_0049_0043_0043.jpg 1 22 49 43 43
0431_0007_0025_0046_0046.jpg 1 7 25 46 46
0432_0060_0024_0032_0032.jpg 1 60 24 32 32
0433_0046_0062_0028_0028.jpg 1 46 62 28 28
0434_0030_0029_0064_0064.jpg 1 30 29 64 64
0435_0023_0010_0067_0067.jpg 1 23 10 67 67
0436_0009_0015_0041_0041.jpg 1 9 15 41 41
0437_0012_0006_0052_0052.jpg 1 12 6 52 52
0438_0026_0013_0045_0045.jpg 1 26 13 45 45
0439_0028_0041_0050_0050.jpg 1 28 41 50 50
0440_0031_0010_0049_0049.jpg 1 31 10 49 49
0441_0035_0026_0033_0033.jpg 1 35 26 33 33
0442_0028_0005_0066_0066.jpg 1 28 5 66 66
0443_0023_0025_0067_0067.jpg 1 23 25 67 67
0444_0009_0026_0065_0065.jpg 1 9 26 65 65
0445_0027_0052_0030_0030.jpg 1 27 52 30 30
0446_0008_0026_0066_0066.jpg 1 8 26 66 66
0447_0008_0008_0048_0048.jpg 1 8 8 48 48
0448_0049_0008_0026_0026.jpg 1 49 8 26 26
0449_0040_0051_0040_0040.jpg 1 40 51 40 40
0450_0019_0008_0048_0048.jpg 1 19 8 48 48
0451_0030_0009_0032_0032.jpg 1 30 9 32 32
0452_0048_0042_0043_0043.jpg 1 48 42 43 43
0453_0022_0046_0047_0047.jpg 1 22 46 47 47
0454_0010_0042_0052_0052.jpg 1 10 42 52 52
0455_0041_0041_0038_0038.jpg 1 41 41 38 38
0456_0020_0006_0050_0050.jpg 1 20 6 50 50
0457_0029_0065_0027_0027.jpg 1 29 65 27 27
0458_0012_0048_0026_0026.jpg 1 12 48 26 26
0459_0037_0028_0036_0036.jpg 1 37 28 36 36
0460_0025_0019_0048_0048.jpg 1 25 19 48 48
0461_0012_0036_0036_0036.jpg 1 12 36 36 36
0462_0005_0013_0068_0068.jpg 1 5 13 68 68
0463_0019_0027_0047_0047.jpg 1 19 27 47 47
0464_0033_0018_0052_0052.jpg 1 33 18 52 52
0465_0016_0021_0026_0026.jpg 1 16 21 26 26
0466_0048_0015_0044_0044.jpg 1 48 15 44 44
0467_0031_0011_0059_0059.jpg 1 31 11 59 59
0468_0031_0009_0058_0058.jpg 1 31 9 58 58
0469_0013_0004_0054_0054.jpg 1 13 4 54 54
0470_0027_0030_0048_0048.jpg 1 27 30 48 48
0471_0053_0046_0025_0025.jpg 1 53 46 25 25
0472_0017_0004_0068_0068.jpg 1 17 4 68 68
0473_0013_0014_0059_0059.jpg 1 13 14 59 59
0474_0037_0010_0055_0055.jpg 1 37 10 55 55
0475_0045_0026_0035_0035.jpg 1 45 26 35 35
0476_0010_0052_0030_0030.jpg 1 10 52 30 30
0477_0059_0007_0024_0024.jpg 1 59 7 24 24
0478_0033_0010_0037_0037.jpg 1 33 10 37 37
0479_0038_0024_0052_0052.jpg 1 38 24 52 52
0480_0021_0024_0066_0066.jpg 1 21 24 66 66
0481_0030_0011_0035_0035.jpg 1 30 11 35 35
0482_0024_0011_0050_0050.jpg 1 24 11 50 50
0483_0017_0017_0030_0030.jpg 1 17 17 30 30
0484_0016_0054_0033_0033.jpg 1 16 54 33 33
0485_0012_0008_0051_0051.jpg 1 12 8 51 51
0486_0022_0021_0055_0055.jpg 1 22 21 55 55
0487_0036_0005_0050_0050.jpg 1 36 5 50 50
0488_0028_0033_0059_0059.jpg 1 28 33 59 59
0489_0030_0022_0059_0059.jpg 1 30 22 59 59
0490_0025_0019_0057_0057.jpg 1 25 19 57 57
0491_0062_0066_0024_0024.jpg 1 62 66 24 24
0492_0027_0014_0029_0029.jpg 1 27 14 29 29
0493_0035_0008_0052_0052.jpg 1 35 8 52 52
0494_0027_0020_0029_0029.jpg 1 27 20 29 29
0495_0037_0017_0058_0058.jpg 1 37 17 58 58
0496_0019_0016_0063_0063.jpg 1 19 16 63 63
0497_0020_0015_0028_0028.jpg 1 20 15 28 28
0498_0021_0005_0068_0068.jpg 1 21 5 68 68
0499_0018_0012_0060_0060.jpg 1 18 12 60 60
0500_0020_0026_0060_0060.jpg 1 20 26 60 60
0501_0030_0009_0059_0059.jpg 1 30 9 59 59
0502_0040_0051_0027_0027.jpg 1 40 51 27 27
0503_0060_0009_0024_0024.jpg 1 60 9 24 24
0504_0037_0037_0024_0024.jpg 1 37 37 24 24
0505_0027_0052_0032_0032.jpg 1 27 52 32 32
0506_0028_0014_0050_0050.jpg 1 28 14 50 50
0507_0018_0017_0069_0069.jpg 1 18 17 69 69
0508_0046_0046_0047_0047.jpg 1 46 46 47 47
0509_0030_0008_0064_0064.jpg 1 30 8 64 64
0510_0023_0043_0045_0045.jpg 1 23 43 45 45
0511_0018_0022_0062_0062.jpg 1 18 22 62 62
0512_0032_0027_0062_0062.jpg 1 32 27 62 62
0513_0019_0019_0062_0062.jpg 1 19 19 62 62
0514_0005_0018_0059_0059.jpg 1 5 18 59 59
0515_0025_0013_0057_0057.jpg 1 25 13 57 57
0516_0014_0055_0029_0029.jpg 1 14 55 29 29
0517_0007_0029_0050_0050.jpg 1 7 29 50 50
0518_0035_0007_0056_0056.jpg 1 35 7 56 56
0519_0049_0043_0035_0035.jpg 1 49 43 35 35
0520_0056_0053_0034_0034.jpg 1 56 53 34 34
0521_0036_0056_0031_0031.jpg 1 36 56 31 31
0522_0014_0041_0039_0039.jpg 1 14 41 39 39
0523_0023_0015_0047_0047.jpg 1 23 15 47 47
0524_0028_0015_0049_0049.jpg 1 28 15 49 49
0525_0030_0013_0057_0057.jpg 1 30 13 57 57
0526_0011_0012_0060_0060.jpg 1 11 12 60 60
0527_0024_0037_0054_0054.jpg 1 24 37 54 54
0528_0016_0012_0062_0062.jpg 1 16 12 62 62
0529_0016_0039_0035_0035.jpg 1 16 39 35 35
0530_0015_0043_0036_0036.jpg 1 15 43 36 36
0531_0045_0024_0038_0038.jpg 1 45 24 38 38
0532_0003_0007_0067_0067.jpg 1 3 7 67 67
0533_0006_0004_0064_0064.jpg 1 6 4 64 64
0534_0009_0019_0069_0069.jpg 1 9 19 69 69
0535_0017_0023_0059_0059.jpg 1 17 23 59 59
0536_0019_0022_0050_0050.jpg 1 19 22 50 50
0537_0024_0026_0055_0055.jpg 1 24 26 55 55
0538_0019_0013_0061_0061.jpg 1 19 13 61 61
0539_0013_0020_0044_0044.jpg 1 13 20 44 44
0540_0024_0051_0028_0028.jpg 1 24 51 28 28
0541_0012_0043_0037_0037.jpg 1 12 43 37 37
0542_0006_0041_0036_0036.jpg 1 6 41 36 36
0543_0046_0049_0043_0043.jpg 1 46 49 43 43
0544_0018_0007_0046_0046.jpg 1 18 7 46 46
0545_0017_0019_0067_0067.jpg 1 17 19 67 67
0546_0024_0026_0030_0030.jpg 1 24 26 30 30
0547_0016_0026_0056_0056.jpg 1 16 26 56 56
0548_0054_0042_0027_0027.jpg 1 54 42 27 27
0549_0010_0033_0058_0058.jpg 1 10 33 58 58
0550_0031_0057_0029_0029.jpg 1 31 57 29 29
0551_0024_0027_0050_0050.jpg 1 24 27 50 50
0552_0010_0003_0061_0061.jpg 1 10 3 61 61
0553_0008_0010_0061_0061.jpg 1 8 10 61 61
0554_0013_0021_0059_0059.jpg 1 13 21 59 59
0555_0033_0047_0039_0039.jpg 1 33 47 39 39
0556_0006_0009_0069_0069.jpg 1 6 9 69 69
0557_0038_0050_0043_0043.jpg 1 38 50 43 43
0558_0009_0017_0060_0060.jpg 1 9 17 60 60
0559_0044_0015_0044_0044.jpg 1 44 15 44 44
0560_0025_0034_0027_0027.jpg 1 25 34 27 27
0561_0020_0018_0065_0065.jpg 1 20 18 65 65
0562_0014_0029_0059_0059.jpg 1 14 29 59 59
0563_0014_0019_0061_0061.jpg 1 14 19 61 61
0564_0042_0034_0047_0047.jpg 1 42 34 47 47
0565_0044_0009_0028_0028.jpg 1 44 9 28 28
0566_0006_0014_0065_0065.jpg 1 6 14 65 65
0567_0050_0052_0027_0027.jpg 1 50 52 27 27
0568_0031_0052_0028_0028.jpg 1 31 52 28 28
0569_0015_0042_0027_0027.jpg 1 15 42 27 27
0570_0037_0029_0034_0034.jpg 1 37 29 34 34
0571_0018_0006_0049_0049.jpg 1 18 6 49 49
0572_0019_0039_0026_0026.jpg 1 19 39 26 26
0573_0011_0037_0057_0057.jpg 1 11 37 57 57
0574_0012_0010_0065_0065.jpg 1 12 10 65 65
0575_0028_0025_0057_0057.jpg 1 28 25 57 57
0576_0028_0026_0025_0025.jpg 1 28 26 25 25
0577_0008_0007_0063_0063.jpg 1 8 7 63 63
0578_0052_0061_0031_0031.jpg 1 52 61 31 31
0579_0012_0034_0032_0032.jpg 1 12 34 32 32
0580_0027_0063_0029_0029.jpg 1 27 63 29 29
0581_0045_0013_0026_0026.jpg 1 45 13 26 26
0582_0006_0024_0068_0068.jpg 1 6 24 68 68
0583_0007_0010_0038_0038.jpg 1 7 10 38 38
0584_0011_0004_0068_0068.jpg 1 11 4 68 68
0585_0030_0026_0057_0057.jpg 1 30 26 57 57
0586_0007_0025_0054_0054.jpg 1 7 25 54 54
0587_0015_0034_0040_0040.jpg 1 15 34 40 40
0588_0016_0024_0027_0027.jpg 1 16 24 27 27
0589_0033_0019_0039_0039.jpg 1 33 19 39 39
0590_0022_0037_0040_0040.jpg 1 22 37 40 40
0591_0021_0039_0025_0025.jpg 1 21 39 25 25
0592_0024_0060_0032_0032.jpg 1 24 60 32 32
0593_0008_0016_0051_0051.jpg 1 8 16 51 51
0594_0048_0022_0036_0036.jpg 1 48 22 36 36
0595_0013_0065_0027_0027.jpg 1 13 65 27 27
0596_0037_0060_0024_0024.jpg 1 37 60 24 24
0597_0010_0016_0064_0064.jpg 1 10 16 64 64
0598_0041_0023_0028_0028.jpg 1 41 23 28 28
0599_0019_0004_0064_0064.jpg 1 19 4 64 64
0600_0016_0013_0065_0065.jpg 1 16 13 65 65
0601_0049_0017_0028_0028.jpg 1 49 17 28 28
0602_0042_0038_0032_0032.jpg 1 42 38 32 32
0603_0043_0023_0048_0048.jpg 1 43 23 48 48
0604_0027_0025_0068_0068.jpg 1 27 25 68 68
0605_0043_0040_0040_0040.jpg 1 43 40 40 40
0606_0034_0027_0050_0050.jpg 1 34 27 50 50
0607_0055_0060_0028_0028.jpg 1 55 60 28 28
0608_0019_0025_0026_0026.jpg 1 19 25 26 26
0609_0028_0012_0062_0062.jpg 1 28 12 62 62
0610_0054_0055_0031_0031.jpg 1 54 55 31 31
0611_0031_0033_0062_0062.jpg 1 31 33 62 62
0612_0056_0015_0033_0033.jpg 1 56 15 33 33
0613_0034_0022_0024_0024.jpg 1 34 22 24 24
0614_0006_0025_0069_0069.jpg 1 6 25 69 69
0615_0020_0009_0060_0060.jpg 1 20 9 60 60
0616_0007_0032_0045_0045.jpg 1 7 32 45 45
0617_0033_0027_0039_0039.jpg 1 33 27 39 39
0618_0035_0008_0054_0054.jpg 1 35 8 54 54
0619_0025_0041_0030_0030.jpg 1 25 41 30 30
0620_0024_0038_0040_0040.jpg 1 24 38 40 40
0621_0007_0006_0053_0053.jpg 1 7 6 53 53
0622_0019_0025_0060_0060.jpg 1 19 25 60 60
0623_0044_0023_0041_0041.jpg 1 44 23 41 41
0624_0029_0019_0044_0044.jpg 1 29 19 44 44
0625_0032_0020_0048_0048.jpg 1 32 20 48 48
0626_0041_0014_0044_0044.jpg 1 41 14 44 44
0627_0030_0011_0031_0031.jpg 1 30 11 31 31
0628_0016_0030_0053_0053.jpg 1 16 30 53 53
0629_0018_0020_0068_0068.jpg 1 18 20 68 68
0630_0024_0013_0047_0047.jpg 1 24 13 47 47
0631_0044_0024_0047_0047.jpg 1 44 24 47 47
0632_0013_0027_0054_0054.jpg 1 13 27 54 54
0633_0036_0027_0054_0054.jpg 1 36 27 54 54
0634_0005_0023_0052_0052.jpg 1 5 23 52 52
0635_0013_0034_0061_0061.jpg 1 13 34 61 61
0636_0040_0047_0035_0035.jpg 1 40 47 35 35
0637_0005_0023_0065_0065.jpg 1 5 23 65 65
0638_0037_0040_0050_0050.jpg 1 37 40 50 50
0639_0006_0006_0062_0062.jpg 1 6 6 62 62
0640_0018_0026_0036_0036.jpg 1 18 26 36 36
0641_0059_0065_0025_0025.jpg 1 59 65 25 25
0642_0028_0029_0060_0060.jpg 1 28 29 60 60
0643_0019_0018_0059_0059.jpg 1 19 18 59 59
0644_0027_0017_0060_0060.jpg 1 27 17 60 60
0645_0013_0022_0056_0056.jpg 1 13 22 56 56
0646_0024_0027_0066_0066.jpg 1 24 27 66 66
0647_0027_0026_0031_0031.jpg 1 27 26 31 31
0648_0064_0007_0026_0026.jpg 1 64 7 26 26
0649_0020_0009_0057_0057.jpg 1 20 9 57 57
0650_0033_0005_0057_0057.jpg 1 33 5 57 57
0651_0016_0042_0048_0048.jpg 1 16 42 48 48
0652_0046_0031_0048_0048.jpg 1 46 31 48 48
0653_0040_0026_0031_0031.jpg 1 40 26 31 31
0654_0041_0030_0051_0051.jpg 1 41 30 51 51
0655_0019_0052_0032_0032.jpg 1 19 52 32 32
0656_0050_0051_0039_0039.jpg 1 50 51 39 39
0657_0029_0032_0025_0025.jpg 1 29 32 25 25
0658_0025_0026_0068_0068.jpg 1 25 26 68 68
0659_0039_0017_0039_0039.jpg 1 39 17 39 39
0660_0025_0017_0056_0056.jpg 1 25 17 56 56
0661_0022_0006_0064_0064.jpg 1 22 6 64 64
0662_0028_0030_0051_0051.jpg 1 28 30 51 51
0663_0012_0018_0064_0064.jpg 1 12 18 64 64
0664_0036_0033_0054_0054.jpg 1 36 33 54 54
0665_0020_0038_0042_0042.jpg 1 20 38 42 42
0666_0008_0004_0063_0063.jpg 1 8 4 63 63
0667_0012_0022_0053_0053.jpg 1 12 22 53 53
0668_0021_0024_0065_0065.jpg 1 21 24 65 65
0669_0022_0033_0040_0040.jpg 1 22 33 40 40
0670_0016_0016_0063_0063.jpg 1 16 16 63 63
0671_0031_0020_0061_0061.jpg 1 31 20 61 61
0672_0025_0022_0064_0064.jpg 1 25 22 64 64
0673_0017_0021_0030_0030.jpg 1 17 21 30 30
0674_0022_0021_0067_0067.jpg 1 22 21 67 67
0675_0053_0033_0034_0034.jpg 1 53 33 34 34
0676_0033_0004_0062_0062.jpg 1 33 4 62 62
0677_0011_0035_0053_0053.jpg 1 11 35 53 53
0678_0016_0043_0031_0031.jpg 1 16 43 31 31
0679_0008_0040_0034_0034.jpg 1 8 40 34 34
0680_0010_0034_0058_0058.jpg 1 10 34 58 58
0681_0018_0052_0032_0032.jpg 1 18 52 32 32
0682_0014_0027_0038_0038.jpg 1 14 27 38 38
0683_0017_0050_0035_0035.jpg 1 17 50 35 35
0684_0027_0019_0052_0052.jpg 1 27 19 52 52
0685_0046_0051_0040_0040.jpg 1 46 51 40 40
0686_0006_0010_0062_0062.jpg 1 6 10 62 62
0687_0027_0006_0058_0058.jpg 1 27 6 58 58
0688_0010_0024_0061_0061.jpg 1 10 24 61 61
0689_0016_0029_0053_0053.jpg 1 16 29 53 53
0690_0018_0017_0052_0052.jpg 1 18 17 52 52
0691_0020_0003_0062_0062.jpg 1 20 3 62 62
0692_0044_0010_0041_0041.jpg 1 44 10 41 41
0693_0018_0046_0042_0042.jpg 1 18 46 42 42
0694_0041_0027_0054_0054.jpg 1 41 27 54 54
0695_0043_0026_0031_0031.jpg 1 43 26 31 31
0696_0048_0023_0033_0033.jpg 1 48 23 33 33
0697_0017_0008_0053_0053.jpg 1 17 8 53 53
0698_0033_0036_0042_0042.jpg 1 33 36 42 42
0699_0008_0008_0061_0061.jpg 1 8 8 61 61
0700_0005_0005_0068_0068.jpg 1 5 5 68 68
0701_0046_0044_0043_0043.jpg 1 46 44 43 43
0702_0018_0039_0038_0038.jpg 1 18 39 38 38
0703_0044_0023_0043_0043.jpg 1 44 23 43 43
0704_0045_0039_0045_0045.jpg 1 45 39 45 45
0705_0021_0049_0038_0038.jpg 1 21 49 38 38
0706_0011_0007_0055_0055.jpg 1 11 7 55 55
0707_0028_0012_0062_0062.jpg 1 28 12 62 62
0708_0015_0014_0041_0041.jpg 1 15 14 41 41
0709_0013_0012_0031_0031.jpg 1 13 12 31 31
0710_0024_0008_0062_0062.jpg 1 24 8 62 62
0711_0038_0038_0046_0046.jpg 1 38 38 46 46
0712_0014_0029_0048_0048.jpg 1 14 29 48 48
0713_0005_0013_0052_0052.jpg 1 5 13 52 52
0714_0012_0026_0057_0057.jpg 1 12 26 57 57
0715_0006_0006_0054_0054.jpg 1 6 6 54 54
0716_0014_0046_0042_0042.jpg 1 14 46 42 42
0717_0016_0017_0028_0028.jpg 1 16 17 28 28
0718_0006_0022_0066_0066.jpg 1 6 22 66 66
0719_0028_0033_0056_0056.jpg 1 28 33 56 56
0720_0060_0057_0032_0032.jpg 1 60 57 32 32
0721_0011_0030_0029_0029.jpg 1 11 30 29 29
0722_0034_0016_0041_0041.jpg 1 34 16 41 41
0723_0038_0047_0045_0045.jpg 1 38 47 45 45
0724_0024_0005_0052_0052.jpg 1 24 5 52 52
0725_0029_0011_0050_0050.jpg 1 29 11 50 50
0726_0026_0010_0067_0067.jpg 1 26 10 67 67
0727_0023_0037_0035_0035.jpg 1 23 37 35 35
0728_0012_0008_0062_0062.jpg 1 12 8 62 62
0729_0003_0022_0069_0069.jpg 1 3 22 69 69
0730_0027_0037_0058_0058.jpg 1 27 37 58 58
0731_0007_0016_0050_0050.jpg 1 7 16 50 50
0732_0010_0015_0064_0064.jpg 1 10 15 64 64
0733_0019_0036_0041_0041.jpg 1 19 36 41 41
0734_0045_0036_0036_0036.jpg 1 45 36 36 36
0735_0010_0019_0037_0037.jpg 1 10 19 37 37
0736_0004_0020_0056_0056.jpg 1 4 20 56 56
0737_0055_0049_0034_0034.jpg 1 55 49 34 34
0738_0057_0051_0033_0033.jpg 1 57 51 33 33
0739_0020_0008_0066_0066.jpg 1 20 8 66 66
0740_0007_0006_0064_0064.jpg 1 7 6 64 64
0741_0010_0018_0054_0054.jpg 1 10 18 54 54
0742_0017_0045_0040_0040.jpg 1 17 45 40 40
0743_0027_0034_0043_0043.jpg 1 27 34 43 43
0744_0032_0014_0046_0046.jpg 1 32 14 46 46
0745_0017_0012_0055_0055.jpg 1 17 12 55 55
0746_0008_0028_0068_0068.jpg 1 8 28 68 68
0747_0039_0022_0044_0044.jpg 1 39 22 44 44
0748_0027_0010_0057_0057.jpg 1 27 10 57 57
0749_0009_0047_0039_0039.jpg 1 9 47 39 39
0750_0032_0025_0063_0063.jpg 1 32 25 63 63
0751_0021_0012_0061_0061.jpg 1 21 12 61 61
0752_0020_0024_0067_0067.jpg 1 20 24 67 67
0753_0029_0017_0035_0035.jpg 1 29 17 35 35
0754_0009_0039_0036_0036.jpg 1 9 39 36 36
0755_0027_0018_0041_0041.jpg 1 27 18 41 41
0756_0026_0006_0065_0065.jpg 1 26 6 65 65
0757_0031_0037_0056_0056.jpg 1 31 37 56 56
0758_0044_0021_0035_0035.jpg 1 44 21 35 35
0759_0012_0016_0056_0056.jpg 1 12 16 56 56
0760_0007_0026_0053_0053.jpg 1 7 26 53 53
0761_0044_0040_0032_0032.jpg 1 44 40 32 32
0762_0046_0037_0048_0048.jpg 1 46 37 48 48
0763_0007_0032_0064_0064.jpg 1 7 32 64 64
0764_0040_0011_0037_0037.jpg 1 40 11 37 37
0765_0036_0030_0054_0054.jpg 1 36 30 54 54
0766_0025_0055_0026_0026.jpg 1 25 55 26 26
0767_0036_0052_0037_0037.jpg 1 36 52 37 37
0768_0032_0021_0027_0027.jpg 1 32 21 27 27
0769_0016_0006_0066_0066.jpg 1 16 6 66 66
0770_0018_0023_0069_0069.jpg 1 18 23 69 69
0771_0031_0016_0055_0055.jpg 1 31 16 55 55
0772_0010_0027_0068_0068.jpg 1 10 27 68 68
0773_0012_0013_0028_0028.jpg 1 12 13 28 28
0774_0052_0030_0026_0026.jpg 1 52 30 26 26
0775_0010_0034_0034_0034.jpg 1 10 34 34 34
0776_0032_0005_0060_0060.jpg 1 32 5 60 60
0777_0021_0023_0058_0058.jpg 1 21 23 58 58
0778_0030_0031_0026_0026.jpg 1 30 31 26 26
0779_0019_0043_0045_0045.jpg 1 19 43 45 45
0780_0030_0006_0051_0051.jpg 1 30 6 51 51
0781_0031_0011_0059_0059.jpg 1 31 11 59 59
0782_0009_0038_0049_0049.jpg 1 9 38 49 49
0783_0010_0017_0054_0054.jpg 1 10 17 54 54
0784_0043_0012_0033_0033.jpg 1 43 12 33 33
0785_0038_0030_0038_0038.jpg 1 38 30 38 38
0786_0014_0041_0050_0050.jpg 1 14 41 50 50
0787_0004_0012_0055_0055.jpg 1 4 12 55 55
0788_0019_0012_0065_0065.jpg 1 19 12 65 65
0789_0040_0013_0031_0031.jpg 1 40 13 31 31
0790_0042_0053_0036_0036.jpg 1 42 53 36 36
0791_0021_0016_0064_0064.jpg 1 21 16 64 64
0792_0051_0025_0026_0026.jpg 1 51 25 26 26
0793_0018_0037_0057_0057.jpg 1 18 37 57 57
0794_0032_0015_0061_0061.jpg 1 32 15 61 61
0795_0015_0005_0059_0059.jpg 1 15 5 59 59
0796_0062_0033_0028_0028.jpg 1 62 33 28 28
0797_0019_0007_0050_0050.jpg 1 19 7 50 50
0798_0036_0015_0055_0055.jpg 1 36 15 55 55
0799_0051_0043_0030_0030.jpg 1 51 43 30 30
0800_0037_0048_0037_0037.jpg 1 37 48 37 37
0801_0008_0046_0048_0048.jpg 1 8 46 48 48
0802_0019_0019_0062_0062.jpg 1 19 19 62 62
0803_0017_0008_0068_0068.jpg 1 17 8 68 68
0804_0038_0033_0037_0037.jpg 1 38 33 37 37
0805_0015_0005_0067_0067.jpg 1 15 5 67 67
0806_0045_0023_0037_0037.jpg 1 45 23 37 37
0807_0013_0039_0025_0025.jpg 1 13 39 25 25
0808_0020_0042_0049_0049.jpg 1 20 42 49 49
0809_0028_0026_0065_0065.jpg 1 28 26 65 65
0810_0011_0043_0045_0045.jpg 1 11 43 45 45
0811_0020_0032_0059_0059.jpg 1 20 32 59 59
0812_0049_0010_0026_0026.jpg 1 49 10 26 26
0813_0017_0050_0040_0040.jpg 1 17 50 40 40
0814_0016_0032_0044_0044.jpg 1 16 32 44 44
0815_0038_0051_0033_0033.jpg 1 38 51 33 33
0816_0020_0008_0053_0053.jpg 1 20 8 53 53
0817_0017_0041_0034_0034.jpg 1 17 41 34 34
0818_0014_0009_0061_0061.jpg 1 14 9 61 61
0819_0049_0023_0042_0042.jpg 1 49 23 42 42
0820_0047_0010_0046_0046.jpg 1 47 10 46 46
0821_0018_0011_0067_0067.jpg 1 18 11 67 67
0822_0042_0041_0037_0037.jpg 1 42 41 37 37
0823_0013_0027_0057_0057.jpg 1 13 27 57 57
0824_0023_0029_0046_0046.jpg 1 23 29 46 46
0825_0005_0026_0068_0068.jpg 1 5 26 68 68
0826_0038_0041_0045_0045.jpg 1 38 41 45 45
0827_0028_0033_0029_0029.jpg 1 28 33 29 29
0828_0035_0019_0043_0043.jpg 1 35 19 43 43
0829_0032_0029_0044_0044.jpg 1 32 29 44 44
0830_0033_0044_0027_0027.jpg 1 33 44 27 27
0831_0023_0033_0032_0032.jpg 1 23 33 32 32
0832_0022_0005_0067_0067.jpg 1 22 5 67 67
0833_0031_0030_0065_0065.jpg 1 31 30 65 65
0834_0055_0035_0037_0037.jpg 1 55 35 37 37
0835_0024_0006_0057_0057.jpg 1 24 6 57 57
0836_0041_0049_0033_0033.jpg 1 41 49 33 33
0837_0007_0025_0040_0040.jpg 1 7 25 40 40
0838_0065_0024_0026_0026.jpg 1 65 24 26 26
0839_0006_0045_0041_0041.jpg 1 6 45 41 41
0840_0028_0030_0056_0056.jpg 1 28 30 56 56
0841_0024_0011_0032_0032.jpg 1 24 11 32 32
0842_0011_0036_0050_0050.jpg 1 11 36 50 50
0843_0021_0023_0057_0057.jpg 1 21 23 57 57
0844_0018_0014_0062_0062.jpg 1 18 14 62 62
0845_0026_0010_0066_0066.jpg 1 26 10 66 66
0846_0055_0047_0024_0024.jpg 1 55 47 24 24
0847_0052_0035_0035_0035.jpg 1 52 35 35 35
0848_0014_0024_0063_0063.jpg 1 14 24 63 63
0849_0039_0031_0047_0047.jpg 1 39 31 47 47
0850_0012_0011_0051_0051.jpg 1 12 11 51 51
0851_0039_0043_0045_0045.jpg 1 39 43 45 45
0852_0005_0009_0054_0054.jpg 1 5 9 54 54
0853_0043_0047_0033_0033.jpg 1 43 47 33 33
0854_0049_0015_0043_0043.jpg 1 49 15 43 43
0855_0021_0016_0046_0046.jpg 1 21 16 46 46
0856_0022_0053_0036_0036.jpg 1 22 53 36 36
0857_0058_0052_0027_0027.jpg 1 58 52 27 27
0858_0061_0027_0031_0031.jpg 1 61 27 31 31
0859_0021_0038_0045_0045.jpg 1 21 38 45 45
0860_0043_0039_0024_0024.jpg 1 43 39 24 24
0861_0035_0047_0034_0034.jpg 1 35 47 34 34
0862_0031_0033_0041_0041.jpg 1 31 33 41 41
0863_0008_0032_0047_0047.jpg 1 8 32 47 47
0864_0019_0027_0066_0066.jpg 1 19 27 66 66
0865_0027_0017_0048_0048.jpg 1 27 17 48 48
0866_0025_0020_0068_0068.jpg 1 25 20 68 68
0867_0027_0014_0061_0061.jpg 1 27 14 61 61
0868_0057_0008_0027_0027.jpg 1 57 8 27 27
0869_0016_0030_0058_0058.jpg 1 16 30 58 58
0870_0042_0014_0048_0048.jpg 1 42 14 48 48
0871_0025_0036_0053_0053.jpg 1 25 36 53 53
0872_0028_0006_0050_0050.jpg 1 28 6 50 50
0873_0024_0052_0028_0028.jpg 1 24 52 28 28
0874_0010_0020_0048_0048.jpg 1 10 20 48 48
0875_0021_0015_0041_0041.jpg 1 21 15 41 41
0876_0007_0034_0045_0045.jpg 1 7 34 45 45
0877_0054_0022_0034_0034.jpg 1 54 22 34 34
0878_0037_0056_0033_0033.jpg 1 37 56 33 33
0879_0044_0055_0027_0027.jpg 1 44 55 27 27
0880_0066_0057_0025_0025.jpg 1 66 57 25 25
0881_0037_0053_0031_0031.jpg 1 37 53 31 31
0882_0046_0036_0029_0029.jpg 1 46 36 29 29
0883_0026_0007_0069_0069.jpg 1 26 7 69 69
0884_0029_0015_0064_0064.jpg 1 29 15 64 64
0885_0041_0048_0024_0024.jpg 1 41 48 24 24
0886_0039_0015_0042_0042.jpg 1 39 15 42 42
0887_0006_0011_0036_0036.jpg 1 6 11 36 36
0888_0013_0020_0049_0049.jpg 1 13 20 49 49
0889_0029_0025_0046_0046.jpg 1 29 25 46 46
0890_0016_0040_0030_0030.jpg 1 16 40 30 30
0891_0023_0018_0042_0042.jpg 1 23 18 42 42
0892_0020_0008_0063_0063.jpg 1 20 8 63 63
0893_0009_0037_0049_0049.jpg 1 9 37 49 49
0894_0054_0050_0037_0037.jpg 1 54 50 37 37
0895_0027_0011_0065_0065.jpg 1 27 11 65 65
0896_0015_0014_0066_0066.jpg 1 15 14 66 66
0897_0022_0005_0048_0048.jpg 1 22 5 48 48
0898_0040_0025_0049_0049.jpg 1 40 25 49 49
0899_0007_0049_0036_0036.jpg 1 7 49 36 36
0900_0019_0008_0067_0067.jpg 1 19 8 67 67
0901_0050_0048_0035_0035.jpg 1 50 48 35 35
0902_0045_0011_0049_0049.jpg 1 45 11 49 49
0903_0015_0009_0050_0050.jpg 1 15 9 50 50
0904_0028_0009_0030_0030.jpg 1 28 9 30 30
0905_0026_0025_0032_0032.jpg 1 26 25 32 32
0906_0016_0007_0067_0067.jpg 1 16 7 67 67
0907_0046_0061_0027_0027.jpg 1 46 61 27 27
0908_0013_0023_0030_0030.jpg 1 13 23 30 30
0909_0010_0018_0062_0062.jpg 1 10 18 62 62
0910_0014_0023_0038_0038.jpg 1 14 23 38 38
0911_0030_0014_0062_0062.jpg 1 30 14 62 62
0912_0054_0051_0026_0026.jpg 1 54 51 26 26
0913_0026_0056_0037_0037.jpg 1 26 56 37 37
0914_0016_0024_0066_0066.jpg 1 16 24 66 66
0915_0010_0014_0035_0035.jpg 1 10 14 35 35
0916_0036_0031_0024_0024.jpg 1 36 31 24 24
0917_0027_0017_0063_0063.jpg 1 27 17 63 63
0918_0039_0025_0055_0055.jpg 1 39 25 55 55
0919_0032_0036_0028_0028.jpg 1 32 36 28 28
0920_0005_0026_0065_0065.jpg 1 5 26 65 65
0921_0036_0062_0025_0025.jpg 1 36 62 25 25
0922_0027_0017_0068_0068.jpg 1 27 17 68 68
0923_0021_0007_0063_0063.jpg 1 21 7 63 63
0924_0022_0029_0065_0065.jpg 1 22 29 65 65
0925_0058_0023_0027_0027.jpg 1 58 23 27 27
0926_0035_0042_0033_0033.jpg 1 35 42 33 33
0927_0041_0046_0044_0044.jpg 1 41 46 44 44
0928_0033_0025_0034_0034.jpg 1 33 25 34 34
0929_0063_0032_0024_0024.jpg 1 63 32 24 24
0930_0013_0064_0026_0026.jpg 1 13 64 26 26
0931_0032_0032_0058_0058.jpg 1 32 32 58 58
0932_0023_0013_0042_0042.jpg 1 23 13 42 42
0933_0008_0014_0053_0053.jpg 1 8 14 53 53
0934_0056_0036_0028_0028.jpg 1 56 36 28 28
0935_0026_0034_0050_0050.jpg 1 26 34 50 50
0936_0032_0012_0055_0055.jpg 1 32 12 55 55
0937_0057_0049_0035_0035.jpg 1 57 49 35 35
0938_0041_0014_0033_0033.jpg 1 41 14 33 33
0939_0018_0052_0034_0034.jpg 1 18 52 34 34
0940_0019_0020_0069_0069.jpg 1 19 20 69 69
0941_0011_0012_0065_0065.jpg 1 11 12 65 65
0942_0010_0007_0063_0063.jpg 1 10 7 63 63
0943_0012_0025_0066_0066.jpg 1 12 25 66 66
0944_0056_0030_0035_0035.jpg 1 56 30 35 35
0945_0015_0027_0046_0046.jpg 1 15 27 46 46
0946_0029_0030_0050_0050.jpg 1 29 30 50 50
0947_0020_0013_0054_0054.jpg 1 20 13 54 54
0948_0006_0008_0065_0065.jpg 1 6 8 65 65
0949_0008_0036_0031_0031.jpg 1 8 36 31 31
0950_0014_0027_0067_0067.jpg 1 14 27 67 67
0951_0027_0008_0051_0051.jpg 1 27 8 51 51
0952_0066_0051_0024_0024.jpg 1 66 51 24 24
0953_0021_0018_0065_0065.jpg 1 21 18 65 65
0954_0017_0016_0062_0062.jpg 1 17 16 62 62
0955_0026_0035_0040_0040.jpg 1 26 35 40 40
0956_0029_0027_0062_0062.jpg 1 29 27 62 62
0957_0007_0009_0035_0035.jpg 1 7 9 35 35
0958_0041_0048_0044_0044.jpg 1 41 48 44 44
0959_0023_0054_0031_0031.jpg 1 23 54 31 31
0960_0015_0027_0032_0032.jpg 1 15 27 32 32
0961_0020_0023_0067_0067.jpg 1 20 23 67 67
0962_0035_0022_0050_0050.jpg 1 35 22 50 50
0963_0022_0039_0055_0055.jpg 1 22 39 55 55
0964_0045_0056_0030_0030.jpg 1 45 56 30 30
0965_0056_0031_0029_0029.jpg 1 56 31 29 29
0966_0026_0009_0040_0040.jpg 1 26 9 40 40
0967_0028_0038_0037_0037.jpg 1 28 38 37 37
0968_0015_0049_0044_0044.jpg 1 15 49 44 44
0969_0047_0010_0039_0039.jpg 1 47 10 39 39
0970_0012_0005_0068_0068.jpg 1 12 5 68 68
0971_0017_0036_0033_0033.jpg 1 17 36 33 33
0972_0009_0034_0060_0060.jpg 1 9 34 60 60
0973_0024_0030_0048_0048.jpg 1 24 30 48 48
0974_0040_0041_0052_0052.jpg 1 40 41 52 52
0975_0009_0012_0044_0044.jpg 1 9 12 44 44
0976_0030_0040_0034_0034.jpg 1 30 40 34 34
0977_0014_0038_0041_0041.jpg 1 14 38 41 41
0978_0027_0006_0061_0061.jpg 1 27 6 61 61
0979_0012_0011_0053_0053.jpg 1 12 11 53 53
0980_0008_0020_0039_0039.jpg 1 8 20 39 39
0981_0024_0018_0066_0066.jpg 1 24 18 66 66
0982_0028_0008_0064_0064.jpg 1 28 8 64 64
0983_0034_0006_0053_0053.jpg 1 34 6 53 53
0984_0020_0047_0045_0045.jpg 1 20 47 45 45
0985_0014_0017_0059_0059.jpg 1 14 17 59 59
0986_0021_0016_0069_0069.jpg 1 21 16 69 69
0987_0020_0032_0038_0038.jpg 1 20 32 38 38
0988_0024_0008_0061_0061.jpg 1 24 8 61 61
0989_0006_0012_0068_0068.jpg 1 6 12 68 68
0990_0003_0019_0065_0065.jpg 1 3 19 65 65
0991_0005_0010_0066_0066.jpg 1 5 10 66 66
0992_0036_0029_0059_0059.jpg 1 36 29 59 59
0993_0048_0036_0025_0025.jpg 1 48 36 25 25
0994_0043_0034_0045_0045.jpg 1 43 34 45 45
0995_0035_0019_0039_0039.jpg 1 35 19 39 39
0996_0044_0042_0045_0045.jpg 1 44 42 45 45
0997_0023_0032_0030_0030.jpg 1 23 32 30 30
0998_0021_0011_0062_0062.jpg 1 21 11 62 62
0999_0035_0028_0029_0029.jpg 1 35 28 29 29
1000_0015_0021_0030_0030.jpg 1 15 21 30 30
1001_0036_0018_0037_0037.jpg 1 36 18 37 37
1002_0039_0016_0029_0029.jpg 1 39 16 29 29
1003_0012_0035_0025_0025.jpg 1 12 35 25 25
1004_0054_0057_0030_0030.jpg 1 54 57 30 30
1005_0035_0007_0048_0048.jpg 1 35 7 48 48
1006_0003_0020_0067_0067.jpg 1 3 20 67 67
1007_0021_0056_0028_0028.jpg 1 21 56 28 28
1008_0041_0032_0032_0032.jpg 1 41 32 32 32
1009_0027_0034_0052_0052.jpg 1 27 34 52 52
1010_0035_0034_0059_0059.jpg 1 35 34 59 59
1011_0007_0007_0043_0043.jpg 1 7 7 43 43
1012_0018_0043_0045_0045.jpg 1 18 43 45 45
1013_0015_0016_0068_0068.jpg 1 15 16 68 68
1014_0054_0067_0025_0025.jpg 1 54 67 25 25
1015_0022_0011_0058_0058.jpg 1 22 11 58 58
1016_0043_0029_0048_0048.jpg 1 43 29 48 48
1017_0008_0030_0054_0054.jpg 1 8 30 54 54
1018_0018_0052_0032_0032.jpg 1 18 52 32 32
1019_0046_0028_0035_0035.jpg 1 46 28 35 35
1020_0014_0023_0068_0068.jpg 1 14 23 68 68
1021_0031_0009_0055_0055.jpg 1 31 9 55 55
1022_0020_0036_0049_0049.jpg 1 20 36 49 49
1023_0050_0038_0030_0030.jpg 1 50 38 30 30
1024_0042_0016_0046_0046.jpg 1 42 16 46 46
1025_0048_0020_0036_0036.jpg 1 48 20 36 36
1026_0045_0037_0043_0043.jpg 1 45 37 43 43
1027_0045_0037_0039_0039.jpg 1 45 37 39 39
1028_0034_0036_0058_0058.jpg 1 34 36 58 58
1029_0030_0035_0036_0036.jpg 1 30 35 36 36
1030_0018_0023_0031_0031.jpg 1 18 23 31 31
1031_0021_0019_0048_0048.jpg 1 21 19 48 48
1032_0016_0026_0057_0057.jpg 1 16 26 57 57
1033_0035_0010_0055_0055.jpg 1 35 10 55 55
1034_0052_0035_0031_0031.jpg 1 52 35 31 31
1035_0058_0048_0026_0026.jpg 1 58 48 26 26
1036_0012_0024_0066_0066.jpg 1 12 24 66 66
1037_0010_0015_0064_0064.jpg 1 10 15 64 64
1038_0060_0014_0029_0029.jpg 1 60 14 29 29
1039_0044_0044_0046_0046.jpg 1 44 44 46 46
1040_0031_0008_0064_0064.jpg 1 31 8 64 64
1041_0044_0033_0038_0038.jpg 1 44 33 38 38
1042_0019_0052_0035_0035.jpg 1 19 52 35 35
1043_0067_0021_0024_0024.jpg 1 67 21 24 24
1044_0027_0056_0033_0033.jpg 1 27 56 33 33
1045_0027_0048_0036_0036.jpg 1 27 48 36 36
1046_0029_0040_0027_0027.jpg 1 29 40 27 27
1047_0028_0019_0043_0043.jpg 1 28 19 43 43
1048_0046_0026_0028_0028.jpg 1 46 26 28 28
1049_0008_0008_0067_0067.jpg 1 8 8 67 67
1050_0016_0027_0062_0062.jpg 1 16 27 62 62
1051_0012_0020_0058_0058.jpg 1 12 20 58 58
1052_0023_0008_0034_0034.jpg 1 23 8 34 34
1053_0055_0017_0034_0034.jpg 1 55 17 34 34
1054_0024_0034_0053_0053.jpg 1 24 34 53 53
1055_0008_0019_0055_0055.jpg 1 8 19 55 55
1056_0035_0022_0026_0026.jpg 1 35 22 26 26
1057_0020_0033_0060_0060.jpg 1 20 33 60 60
1058_0040_0028_0051_0051.jpg 1 40 28 51 51
1059_0005_0006_0064_0064.jpg 1 5 6 64 64
1060_0013_0030_0059_0059.jpg 1 13 30 59 59
1061_0049_0052_0035_0035.jpg 1 49 52 35 35
1062_0020_0019_0027_0027.jpg 1 20 19 27 27
1063_0017_0016_0046_0046.jpg 1 17 16 46 46
1064_0055_0052_0025_0025.jpg 1 55 52 25 25
1065_0027_0030_0039_0039.jpg 1 27 30 39 39
1066_0035_0031_0051_0051.jpg 1 35 31 51 51
1067_0010_0031_0031_0031.jpg 1 10 31 31 31
1068_0029_0018_0032_0032.jpg 1 29 18 32 32
1069_0035_0005_0046_0046.jpg 1 35 5 46 46
1070_0061_0016_0027_0027.jpg 1 61 16 27 27
1071_0025_0055_0037_0037.jpg 1 25 55 37 37
1072_0019_0012_0043_0043.jpg 1 19 12 43 43
1073_0047_0027_0047_0047.jpg 1 47 27 47 47
1074_0012_0036_0028_0028.jpg 1 12 36 28 28
1075_0018_0021_0041_0041.jpg 1 18 21 41 41
1076_0027_0009_0031_0031.jpg 1 27 9 31 31
1077_0004_0015_0061_0061.jpg 1 4 15 61 61
1078_0018_0007_0059_0059.jpg 1 18 7 59 59
1079_0027_0046_0037_0037.jpg 1 27 46 37 37
1080_0016_0010_0050_0050.jpg 1 16 10 50 50
1081_0011_0024_0045_0045.jpg 1 11 24 45 45
1082_0029_0010_0040_0040.jpg 1 29 10 40 40
1083_0018_0026_0064_0064.jpg 1 18 26 64 64
1084_0031_0017_0053_0053.jpg 1 31 17 53 53
1085_0021_0009_0037_0037.jpg 1 21 9 37 37
1086_0050_0048_0037_0037.jpg 1 50 48 37 37
1087_0009_0005_0064_0064.jpg 1 9 5 64 64
1088_0023_0040_0053_0053.jpg 1 23 40 53 53
1089_0034_0025_0045_0045.jpg 1 34 25 45 45
1090_0056_0052_0025_0025.jpg 1 56 52 25 25
1091_0033_0035_0050_0050.jpg 1 33 35 50 50
1092_0031_0004_0064_0064.jpg 1 31 4 64 64
1093_0025_0004_0062_0062.jpg 1 25 4 62 62
1094_0006_0026_0050_0050.jpg 1 6 26 50 50
1095_0041_0036_0045_0045.jpg 1 41 36 45 45
1096_0011_0013_0067_0067.jpg 1 11 13 67 67
1097_0011_0005_0063_0063.jpg 1 11 5 63 63
1098_0009_0029_0049_0049.jpg 1 9 29 49 49
1099_0035_0031_0039_0039.jpg 1 35 31 39 39
1100_0061_0050_0027_0027.jpg 1 61 50 27 27
1101_0038_0049_0030_0030.jpg 1 38 49 30 30
1102_0021_0005_0068_0068.jpg 1 21 5 68 68
1103_0033_0020_0059_0059.jpg 1 33 20 59 59
1104_0049_0014_0036_0036.jpg 1 49 14 36 36
1105_0032_0016_0059_0059.jpg 1 32 16 59 59
1106_0013_0015_0065_0065.jpg 1 13 15 65 65
1107_0009_0004_0066_0066.jpg 1 9 4 66 66
1108_0007_0029_0042_0042.jpg 1 7 29 42 42
1109_0015_0035_0051_0051.jpg 1 15 35 51 51
1110_0043_0064_0027_0027.jpg 1 43 64 27 27
1111_0041_0030_0049_0049.jpg 1 41 30 49 49
1112_0032_0050_0037_0037.jpg 1 32 50 37 37
1113_0060_0030_0024_0024.jpg 1 60 30 24 24
1114_0033_0024_0055_0055.jpg 1 33 24 55 55
1115_0014_0021_0069_0069.jpg 1 14 21 69 69
1116_0023_0007_0062_0062.jpg 1 23 7 62 62
1117_0036_0014_0024_0024.jpg 1 36 14 24 24
1118_0016_0019_0060_0060.jpg 1 16 19 60 60
1119_0006_0005_0067_0067.jpg 1 6 5 67 67
1120_0031_0016_0030_0030.jpg 1 31 16 30 30
1121_0027_0028_0051_0051.jpg 1 27 28 51 51
1122_0016_0034_0040_0040.jpg 1 16 34 40 40
1123_0011_0019_0051_0051.jpg 1 11 19 51 51
1124_0026_0021_0065_0065.jpg 1 26 21 65 65
1125_0022_0031_0061_0061.jpg 1 22 31 61 61
1126_0033_0012_0050_0050.jpg 1 33 12 50 50
1127_0019_0012_0062_0062.jpg 1 19 12 62 62
1128_0036_0050_0030_0030.jpg 1 36 50 30 30
1129_0018_0044_0027_0027.jpg 1 18 44 27 27
1130_0017_0034_0041_0041.jpg 1 17 34 41 41
1131_0058_0012_0034_0034.jpg 1 58 12 34 34
1132_0019_0016_0061_0061.jpg 1 19 16 61 61
1133_0007_0020_0062_0062.jpg 1 7 20 62 62
1134_0017_0006_0065_0065.jpg 1 17 6 65 65
1135_0046_0035_0027_0027.jpg 1 46 35 27 27
1136_0025_0027_0053_0053.jpg 1 25 27 53 53
1137_0056_0046_0026_0026.jpg 1 56 46 26 26
1138_0035_0023_0060_0060.jpg 1 35 23 60 60
1139_0020_0025_0067_0067.jpg 1 20 25 67 67
1140_0060_0028_0025_0025.jpg 1 60 28 25 25
1141_0018_0019_0069_0069.jpg 1 18 19 69 69
1142_0016_0020_0041_0041.jpg 1 16 20 41 41
1143_0010_0013_0035_0035.jpg 1 10 13 35 35
1144_0024_0028_0067_0067.jpg 1 24 28 67 67
1145_0004_0020_0059_0059.jpg 1 4 20 59 59
1146_0026_0012_0038_0038.jpg 1 26 12 38 38
1147_0025_0021_0064_0064.jpg 1 25 21 64 64
1148_0036_0046_0039_0039.jpg 1 36 46 39 39
1149_0015_0031_0030_0030.jpg 1 15 31 30 30
1150_0027_0051_0027_0027.jpg 1 27 51 27 27
1151_0026_0019_0062_0062.jpg 1 26 19 62 62
1152_0059_0055_0034_0034.jpg 1 59 55 34 34
1153_0026_0033_0061_0061.jpg 1 26 33 61 61
1154_0011_0044_0029_0029.jpg 1 11 44 29 29
1155_0034_0005_0057_0057.jpg 1 34 5 57 57
1156_0029_0030_0063_0063.jpg 1 29 30 63 63
1157_0013_0034_0053_0053.jpg 1 13 34 53 53
1158_0011_0033_0062_0062.jpg 1 11 33 62 62
1159_0051_0033_0037_0037.jpg 1 51 33 37 37
1160_0017_0040_0051_0051.jpg 1 17 40 51 51
1161_0016_0007_0066_0066.jpg 1 16 7 66 66
1162_0050_0009_0036_0036.jpg 1 50 9 36 36
1163_0039_0055_0029_0029.jpg 1 39 55 29 29
1164_0006_0034_0049_0049.jpg 1 6 34 49 49
1165_0028_0037_0052_0052.jpg 1 28 37 52 52
1166_0054_0008_0034_0034.jpg 1 54 8 34 34
1167_0015_0024_0031_0031.jpg 1 15 24 31 31
1168_0016_0014_0048_0048.jpg 1 16 14 48 48
1169_0042_0027_0039_0039.jpg 1 42 27 39 39
1170_0012_0017_0068_0068.jpg 1 12 17 68 68
1171_0025_0022_0055_0055.jpg 1 25 22 55 55
1172_0039_0020_0049_0049.jpg 1 39 20 49 49
1173_0026_0027_0027_0027.jpg 1 26 27 27 27
1174_0018_0006_0065_0065.jpg 1 18 6 65 65
1175_0033_0013_0063_0063.jpg 1 33 13 63 63
1176_0054_0047_0036_0036.jpg 1 54 47 36 36
1177_0021_0027_0050_0050.jpg 1 21 27 50 50
1178_0033_0025_0026_0026.jpg 1 33 25 26 26
1179_0031_0026_0047_0047.jpg 1 31 26 47 47
1180_0014_0041_0047_0047.jpg 1 14 41 47 47
1181_0016_0028_0053_0053.jpg 1 16 28 53 53
1182_0022_0034_0044_0044.jpg 1 22 34 44 44
1183_0036_0026_0025_0025.jpg 1 36 26 25 25
1184_0022_0019_0039_0039.jpg 1 22 19 39 39
1185_0006_0027_0043_0043.jpg 1 6 27 43 43
1186_0040_0013_0045_0045.jpg 1 40 13 45 45
1187_0015_0004_0060_0060.jpg 1 15 4 60 60
1188_0035_0030_0058_0058.jpg 1 35 30 58 58
1189_0027_0039_0049_0049.jpg 1 27 39 49 49
1190_0014_0054_0035_0035.jpg 1 14 54 35 35
1191_0038_0047_0044_0044.jpg 1 38 47 44 44
1192_0042_0020_0045_0045.jpg 1 42 20 45 45
1193_0053_0031_0037_0037.jpg 1 53 31 37 37
1194_0022_0012_0051_0051.jpg 1 22 12 51 51
1195_0037_0044_0051_0051.jpg 1 37 44 51 51
1196_0035_0008_0049_0049.jpg 1 35 8 49 49
1197_0032_0021_0052_0052.jpg 1 32 21 52 52
1198_0016_0023_0059_0059.jpg 1 16 23 59 59
1199_0022_0012_0029_0029.jpg 1 22 12 29 29
1200_0014_0056_0028_0028.jpg 1 14 56 28 28
1201_0019_0037_0040_0040.jpg 1 19 37 40 40
1202_0011_0016_0042_0042.jpg 1 11 16 42 42
1203_0046_0039_0036_0036.jpg 1 46 39 36 36
1204_0025_0034_0060_0060.jpg 1 25 34 60 60
1205_0023_0022_0050_0050.jpg 1 23 22 50 50
1206_0030_0042_0029_0029.jpg 1 30 42 29 29
1207_0021_0009_0025_0025.jpg 1 21 9 25 25
1208_0035_0050_0031_0031.jpg 1 35 50 31 31
1209_0008_0010_0065_0065.jpg 1 8 10 65 65
1210_0029_0024_0034_0034.jpg 1 29 24 34 34
1211_0026_0012_0065_0065.jpg 1 26 12 65 65
1212_0055_0064_0026_0026.jpg 1 55 64 26 26
1213_0030_0037_0047_0047.jpg 1 30 37 47 47
1214_0009_0013_0059_0059.jpg 1 9 13 59 59
1215_0020_0021_0049_0049.jpg 1 20 21 49 49
1216_0027_0051_0037_0037.jpg 1 27 51 37 37
1217_0011_0039_0036_0036.jpg 1 11 39 36 36
1218_0020_0016_0029_0029.jpg 1 20 16 29 29
1219_0022_0012_0050_0050.jpg 1 22 12 50 50
1220_0013_0011_0066_0066.jpg 1 13 11 66 66
1221_0024_0010_0044_0044.jpg 1 24 10 44 44
1222_0022_0009_0045_0045.jpg 1 22 9 45 45
1223_0009_0027_0063_0063.jpg 1 9 27 63 63
1224_0011_0045_0046_0046.jpg 1 11 45 46 46
1225_0024_0023_0064_0064.jpg 1 24 23 64 64
1226_0028_0027_0064_0064.jpg 1 28 27 64 64
1227_0022_0020_0052_0052.jpg 1 22 20 52 52
1228_0015_0029_0062_0062.jpg 1 15 29 62 62
1229_0052_0026_0033_0033.jpg 1 52 26 33 33
1230_0004_0025_0069_0069.jpg 1 4 25 69 69
1231_0014_0029_0062_0062.jpg 1 14 29 62 62
1232_0042_0014_0031_0031.jpg 1 42 14 31 31
1233_0033_0019_0062_0062.jpg 1 33 19 62 62
1234_0006_0021_0049_0049.jpg 1 6 21 49 49
1235_0034_0021_0042_0042.jpg 1 34 21 42 42
1236_0047_0026_0043_0043.jpg 1 47 26 43 43
1237_0026_0013_0041_0041.jpg 1 26 13 41 41
1238_0023_0051_0037_0037.jpg 1 23 51 37 37
1239_0026_0012_0044_0044.jpg 1 26 12 44 44
1240_0024_0030_0051_0051.jpg 1 24 30 51 51
1241_0024_0010_0051_0051.jpg 1 24 10 51 51
1242_0013_0048_0026_0026.jpg 1 13 48 26 26
1243_0036_0038_0052_0052.jpg 1 36 38 52 52
1244_0033_0014_0060_0060.jpg 1 33 14 60 60
1245_0006_0026_0069_0069.jpg 1 6 26 69 69
1246_0058_0063_0026_0026.jpg 1 58 63 26 26
1247_0011_0027_0029_0029.jpg 1 11 27 29 29
1248_0023_0023_0052_0052.jpg 1 23 23 52 52
1249_0032_0024_0055_0055.jpg 1 32 24 55 55
1250_0033_0040_0033_0033.jpg 1 33 40 33 33
1251_0032_0027_0026_0026.jpg 1 32 27 26 26
1252_0013_0030_0063_0063.jpg 1 13 30 63 63
1253_0039_0029_0049_0049.jpg 1 39 29 49 49
1254_0061_0014_0026_0026.jpg 1 61 14 26 26
1255_0019_0023_0045_0045.jpg 1 19 23 45 45
1256_0023_0020_0062_0062.jpg 1 23 20 62 62
1257_0046_0013_0048_0048.jpg 1 46 13 48 48
1258_0013_0033_0063_0063.jpg 1 13 33 63 63
1259_0011_0022_0054_0054.jpg 1 11 22 54 54
1260_0003_0006_0063_0063.jpg 1 3 6 63 63
1261_0015_0058_0032_0032.jpg 1 15 58 32 32
1262_0062_0027_0026_0026.jpg 1 62 27 26 26
1263_0027_0045_0048_0048.jpg 1 27 45 48 48
1264_0011_0004_0058_0058.jpg 1 11 4 58 58
1265_0037_0038_0050_0050.jpg 1 37 38 50 50
1266_0022_0057_0030_0030.jpg 1 22 57 30 30
1267_0020_0011_0059_0059.jpg 1 20 11 59 59
1268_0057_0038_0035_0035.jpg 1 57 38 35 35
1269_0016_0049_0041_0041.jpg 1 16 49 41 41
1270_0023_0061_0025_0025.jpg 1 23 61 25 25
1271_0032_0043_0029_0029.jpg 1 32 43 29 29
1272_0004_0041_0054_0054.jpg 1 4 41 54 54
1273_0007_0038_0046_0046.jpg 1 7 38 46 46
1274_0052_0040_0032_0032.jpg 1 52 40 32 32
1275_0043_0021_0042_0042.jpg 1 43 21 42 42
1276_0021_0006_0063_0063.jpg 1 21 6 63 63
1277_0016_0008_0055_0055.jpg 1 16 8 55 55
1278_0028_0011_0048_0048.jpg 1 28 11 48 48
1279_0009_0013_0064_0064.jpg 1 9 13 64 64
1280_0012_0005_0055_0055.jpg 1 12 5 55 55
1281_0024_0012_0068_0068.jpg 1 24 12 68 68
1282_0019_0031_0054_0054.jpg 1 19 31 54 54
1283_0020_0025_0066_0066.jpg 1 20 25 66 66
1284_0048_0016_0025_0025.jpg 1 48 16 25 25
1285_0008_0039_0044_0044.jpg 1 8 39 44 44
1286_0006_0029_0067_0067.jpg 1 6 29 67 67
1287_0014_0032_0047_0047.jpg 1 14 32 47 47
1288_0014_0044_0049_0049.jpg 1 14 44 49 49
1289_0053_0008_0029_0029.jpg 1 53 8 29 29
1290_0024_0024_0052_0052.jpg 1 24 24 52 52
1291_0038_0024_0048_0048.jpg 1 38 24 48 48
1292_0014_0029_0036_0036.jpg 1 14 29 36 36
1293_0022_0028_0032_0032.jpg 1 22 28 32 32
1294_0033_0031_0051_0051.jpg 1 33 31 51 51
1295_0008_0029_0045_0045.jpg 1 8 29 45 45
1296_0031_0019_0047_0047.jpg 1 31 19 47 47
1297_0010_0020_0044_0044.jpg 1 10 20 44 44
1298_0065_0016_0026_0026.jpg 1 65 16 26 26
1299_0018_0025_0069_0069.jpg 1 18 25 69 69
1300_0008_0043_0024_0024.jpg 1 8 43 24 24
1301_0045_0041_0040_0040.jpg 1 45 41 40 40
1302_0010_0016_0046_0046.jpg 1 10 16 46 46
1303_0020_0019_0054_0054.jpg 1 20 19 54 54
1304_0040_0048_0024_0024.jpg 1 40 48 24 24
1305_0027_0021_0050_0050.jpg 1 27 21 50 50
1306_0049_0063_0029_0029.jpg 1 49 63 29 29
1307_0013_0029_0064_0064.jpg 1 13 29 64 64
1308_0042_0021_0049_0049.jpg 1 42 21 49 49
1309_0010_0008_0050_0050.jpg 1 10 8 50 50
1310_0019_0023_0053_0053.jpg 1 19 23 53 53
1311_0038_0039_0054_0054.jpg 1 38 39 54 54
1312_0053_0045_0037_0037.jpg 1 53 45 37 37
1313_0032_0012_0054_0054.jpg 1 32 12 54 54
1314_0008_0028_0065_0065.jpg 1 8 28 65 65
1315_0044_0036_0050_0050.jpg 1 44 36 50 50
1316_0026_0021_0064_0064.jpg 1 26 21 64 64
1317_0044_0032_0040_0040.jpg 1 44 32 40 40
1318_0030_0024_0065_0065.jpg 1 30 24 65 65
1319_0064_0044_0025_0025.jpg 1 64 44 25 25
1320_0054_0011_0030_0030.jpg 1 54 11 30 30
1321_0030_0011_0052_0052.jpg 1 30 11 52 52
1322_0041_0039_0025_0025.jpg 1 41 39 25 25
1323_0006_0010_0067_0067.jpg 1 6 10 67 67
1324_0028_0019_0066_0066.jpg 1 28 19 66 66
1325_0034_0032_0047_0047.jpg 1 34 32 47 47
1326_0026_0022_0048_0048.jpg 1 26 22 48 48
1327_0024_0020_0064_0064.jpg 1 24 20 64 64
1328_0051_0025_0024_0024.jpg 1 51 25 24 24
1329_0050_0045_0027_0027.jpg 1 50 45 27 27
1330_0020_0018_0069_0069.jpg 1 20 18 69 69
1331_0013_0011_0065_0065.jpg 1 13 11 65 65
1332_0020_0038_0057_0057.jpg 1 20 38 57 57
1333_0067_0064_0025_0025.jpg 1 67 64 25 25
1334_0030_0047_0028_0028.jpg 1 30 47 28 28
1335_0009_0049_0029_0029.jpg 1 9 49 29 29
1336_0025_0009_0039_0039.jpg 1 25 9 39 39
1337_0025_0034_0060_0060.jpg 1 25 34 60 60
1338_0014_0007_0060_0060.jpg 1 14 7 60 60
1339_0042_0059_0027_0027.jpg 1 42 59 27 27
1340_0020_0028_0067_0067.jpg 1 20 28 67 67
1341_0049_0009_0025_0025.jpg 1 49 9 25 25
1342_0010_0037_0034_0034.jpg 1 10 37 34 34
1343_0029_0018_0065_0065.jpg 1 29 18 65 65
1344_0020_0016_0051_0051.jpg 1 20 16 51 51
1345_0060_0017_0030_0030.jpg 1 60 17 30 30
1346_0050_0012_0032_0032.jpg 1 50 12 32 32
1347_0044_0046_0028_0028.jpg 1 44 46 28 28
1348_0034_0024_0052_0052.jpg 1 34 24 52 52
1349_0014_0014_0044_0044.jpg 1 14 14 44 44
1350_0034_0024_0055_0055.jpg 1 34 24 55 55
1351_0022_0007_0049_0049.jpg 1 22 7 49 49
1352_0040_0038_0039_0039.jpg 1 40 38 39 39
1353_0012_0010_0065_0065.jpg 1 12 10 65 65
1354_0025_0021_0050_0050.jpg 1 25 21 50 50
1355_0014_0036_0055_0055.jpg 1 14 36 55 55
1356_0017_0023_0031_0031.jpg 1 17 23 31 31
1357_0059_0058_0028_0028.jpg 1 59 58 28 28
1358_0052_0015_0030_0030.jpg 1 52 15 30 30
1359_0030_0005_0060_0060.jpg 1 30 5 60 60
1360_0024_0028_0043_0043.jpg 1 24 28 43 43
1361_0038_0031_0032_0032.jpg 1 38 31 32 32
1362_0052_0043_0039_0039.jpg 1 52 43 39 39
1363_0029_0044_0050_0050.jpg 1 29 44 50 50
1364_0028_0010_0046_0046.jpg 1 28 10 46 46
1365_0021_0039_0031_0031.jpg 1 21 39 31 31
1366_0045_0042_0031_0031.jpg 1 45 42 31 31
1367_0035_0016_0051_0051.jpg 1 35 16 51 51
1368_0030_0031_0056_0056.jpg 1 30 31 56 56
1369_0028_0034_0054_0054.jpg 1 28 34 54 54
1370_0023_0025_0048_0048.jpg 1 23 25 48 48
1371_0011_0030_0047_0047.jpg 1 11 30 47 47
1372_0009_0034_0059_0059.jpg 1 9 34 59 59
1373_0006_0016_0069_0069.jpg 1 6 16 69 69
1374_0026_0010_0050_0050.jpg 1 26 10 50 50
1375_0041_0020_0051_0051.jpg 1 41 20 51 51
1376_0014_0012_0046_0046.jpg 1 14 12 46 46
1377_0027_0025_0067_0067.jpg 1 27 25 67 67
1378_0017_0038_0053_0053.jpg 1 17 38 53 53
1379_0046_0010_0047_0047.jpg 1 46 10 47 47
1380_0042_0028_0045_0045.jpg 1 42 28 45 45
1381_0035_0036_0046_0046.jpg 1 35 36 46 46
1382_0054_0050_0033_0033.jpg 1 54 50 33 33
1383_0011_0019_0058_0058.jpg 1 11 19 58 58
1384_0021_0047_0037_0037.jpg 1 21 47 37 37
1385_0025_0042_0038_0038.jpg 1 25 42 38 38
1386_0042_0046_0046_0046.jpg 1 42 46 46 46
1387_0021_0044_0050_0050.jpg 1 21 44 50 50
1388_0060_0059_0026_0026.jpg 1 60 59 26 26
1389_0017_0006_0038_0038.jpg 1 17 6 38 38
1390_0021_0024_0032_0032.jpg 1 21 24 32 32
1391_0011_0035_0060_0060.jpg 1 11 35 60 60
1392_0043_0019_0045_0045.jpg 1 43 19 45 45
1393_0041_0017_0049_0049.jpg 1 41 17 49 49
1394_0044_0048_0044_0044.jpg 1 44 48 44 44
1395_0019_0039_0054_0054.jpg 1 19 39 54 54
1396_0029_0012_0036_0036.jpg 1 29 12 36 36
1397_0009_0027_0062_0062.jpg 1 9 27 62 62
1398_0024_0018_0042_0042.jpg 1 24 18 42 42
1399_0027_0028_0065_0065.jpg 1 27 28 65 65
1400_0026_0004_0068_0068.jpg 1 26 4 68 68
1401_0023_0024_0053_0053.jpg 1 23 24 53 53
1402_0030_0007_0057_0057.jpg 1 30 7 57 57
1403_0017_0043_0030_0030.jpg 1 17 43 30 30
1404_0033_0023_0029_0029.jpg 1 33 23 29 29
1405_0023_0036_0041_0041.jpg 1 23 36 41 41
1406_0036_0032_0051_0051.jpg 1 36 32 51 51
1407_0041_0005_0052_0052.jpg 1 41 5 52 52
1408_0018_0017_0045_0045.jpg 1 18 17 45 45
1409_0022_0013_0061_0061.jpg 1 22 13 61 61
1410_0020_0040_0040_0040.jpg 1 20 40 40 40
1411_0038_0012_0044_0044.jpg 1 38 12 44 44
1412_0013_0035_0049_0049.jpg 1 13 35 49 49
1413_0020_0035_0051_0051.jpg 1 20 35 51 51
1414_0018_0032_0058_0058.jpg 1 18 32 58 58
1415_0021_0044_0026_0026.jpg 1 21 44 26 26
1416_0016_0059_0026_0026.jpg 1 16 59 26 26
1417_0022_0034_0047_0047.jpg 1 22 34 47 47
1418_0022_0035_0053_0053.jpg 1 22 35 53 53
1419_0023_0017_0055_0055.jpg 1 23 17 55 55
1420_0051_0045_0042_0042.jpg 1 51 45 42 42
1421_0036_0006_0042_0042.jpg 1 36 6 42 42
1422_0006_0017_0061_0061.jpg 1 6 17 61 61
1423_0048_0045_0046_0046.jpg 1 48 45 46 46
1424_0029_0030_0033_0033.jpg 1 29 30 33 33
1425_0011_0026_0051_0051.jpg 1 11 26 51 51
1426_0051_0007_0041_0041.jpg 1 51 7 41 41
1427_0039_0026_0029_0029.jpg 1 39 26 29 29
1428_0021_0008_0061_0061.jpg 1 21 8 61 61
1429_0021_0007_0052_0052.jpg 1 21 7 52 52
1430_0010_0025_0024_0024.jpg 1 10 25 24 24
1431_0051_0066_0024_0024.jpg 1 51 66 24 24
1432_0008_0040_0048_0048.jpg 1 8 40 48 48
1433_0045_0011_0042_0042.jpg 1 45 11 42 42
1434_0010_0036_0058_0058.jpg 1 10 36 58 58
1435_0031_0006_0061_0061.jpg 1 31 6 61 61
1436_0006_0014_0064_0064.jpg 1 6 14 64 64
1437_0008_0010_0048_0048.jpg 1 8 10 48 48
1438_0031_0007_0054_0054.jpg 1 31 7 54 54
1439_0036_0035_0040_0040.jpg 1 36 35 40 40
1440_0029_0038_0043_0043.jpg 1 29 38 43 43
1441_0008_0038_0052_0052.jpg 1 8 38 52 52
1442_0009_0017_0058_0058.jpg 1 9 17 58 58
1443_0006_0015_0069_0069.jpg 1 6 15 69 69
1444_0026_0026_0063_0063.jpg 1 26 26 63 63
1445_0010_0053_0035_0035.jpg 1 10 53 35 35
1446_0029_0003_0063_0063.jpg 1 29 3 63 63
1447_0008_0024_0067_0067.jpg 1 8 24 67 67
1448_0034_0021_0060_0060.jpg 1 34 21 60 60
1449_0033_0031_0048_0048.jpg 1 33 31 48 48
1450_0030_0038_0027_0027.jpg 1 30 38 27 27
1451_0016_0027_0059_0059.jpg 1 16 27 59 59
1452_0011_0058_0034_0034.jpg 1 11 58 34 34
1453_0023_0054_0032_0032.jpg 1 23 54 32 32
1454_0031_0033_0027_0027.jpg 1 31 33 27 27
1455_0053_0047_0040_0040.jpg 1 53 47 40 40
1456_0032_0050_0033_0033.jpg 1 32 50 33 33
1457_0009_0058_0027_0027.jpg 1 9 58 27 27
1458_0009_0051_0027_0027.jpg 1 9 51 27 27
1459_0032_0018_0027_0027.jpg 1 32 18 27 27
1460_0035_0019_0046_0046.jpg 1 35 19 46 46
1461_0019_0008_0024_0024.jpg 1 19 8 24 24
1462_0018_0011_0043_0043.jpg 1 18 11 43 43
1463_0036_0033_0046_0046.jpg 1 36 33 46 46
1464_0034_0008_0058_0058.jpg 1 34 8 58 58
1465_0039_0061_0024_0024.jpg 1 39 61 24 24
1466_0047_0021_0030_0030.jpg 1 47 21 30 30
1467_0027_0019_0040_0040.jpg 1 27 19 40 40
1468_0026_0028_0064_0064.jpg 1 26 28 64 64
1469_0029_0012_0057_0057.jpg 1 29 12 57 57
1470_0016_0011_0068_0068.jpg 1 16 11 68 68
1471_0028_0021_0064_0064.jpg 1 28 21 64 64
1472_0014_0026_0042_0042.jpg 1 14 26 42 42
1473_0051_0041_0026_0026.jpg 1 51 41 26 26
1474_0034_0020_0043_0043.jpg 1 34 20 43 43
1475_0035_0048_0033_0033.jpg 1 35 48 33 33
1476_0019_0034_0033_0033.jpg 1 19 34 33 33
1477_0022_0019_0052_0052.jpg 1 22 19 52 52
1478_0040_0028_0042_0042.jpg 1 40 28 42 42
1479_0014_0037_0051_0051.jpg 1 14 37 51 51
1480_0025_0045_0049_0049.jpg 1 25 45 49 49
1481_0041_0024_0051_0051.jpg 1 41 24 51 51
1482_0041_0034_0048_0048.jpg 1 41 34 48 48
1483_0015_0051_0038_0038.jpg 1 15 51 38 38
1484_0034_0031_0055_0055.jpg 1 34 31 55 55
1485_0022_0004_0063_0063.jpg 1 22 4 63 63
1486_0035_0023_0052_0052.jpg 1 35 23 52 52
1487_0022_0043_0026_0026.jpg 1 22 43 26 26
1488_0021_0010_0064_0064.jpg 1 21 10 64 64
1489_0034_0033_0042_0042.jpg 1 34 33 42 42
1490_0016_0005_0062_0062.jpg 1 16 5 62 62
1491_0029_0023_0041_0041.jpg 1 29 23 41 41
1492_0021_0037_0032_0032.jpg 1 21 37 32 32
1493_0005_0038_0052_0052.jpg 1 5 38 52 52
1494_0034_0021_0055_0055.jpg 1 34 21 55 55
1495_0029_0012_0062_0062.jpg 1 29 12 62 62
1496_0050_0045_0036_0036.jpg 1 50 45 36 36
1497_0037_0028_0032_0032.jpg 1 37 28 32 32
1498_0043_0037_0041_0041.jpg 1 43 37 41 41
1499_0050_0007_0033_0033.jpg 1 50 7 33 33
1500_0007_0026_0028_0028.jpg 1 7 26 28 28
1501_0037_0034_0053_0053.jpg 1 37 34 53 53
1502_0004_0037_0053_0053.jpg 1 4 37 53 53
1503_0011_0018_0033_0033.jpg 1 11 18 33 33
1504_0061_0019_0029_0029.jpg 1 61 19 29 29
1505_0014_0024_0067_0067.jpg 1 14 24 67 67
1506_0018_0010_0036_0036.jpg 1 18 10 36 36
1507_0027_0021_0067_0067.jpg 1 27 21 67 67
1508_0015_0012_0066_0066.jpg 1 15 12 66 66
1509_0014_0017_0056_0056.jpg 1 14 17 56 56
1510_0020_0021_0039_0039.jpg 1 20 21 39 39
1511_0035_0019_0055_0055.jpg 1 35 19 55 55
1512_0035_0014_0025_0025.jpg 1 35 14 25 25
1513_0016_0007_0032_0032.jpg 1 16 7 32 32
1514_0018_0046_0047_0047.jpg 1 18 46 47 47
1515_0013_0012_0033_0033.jpg 1 13 12 33 33
1516_0025_0016_0059_0059.jpg 1 25 16 59 59
1517_0022_0022_0039_0039.jpg 1 22 22 39 39
1518_0026_0014_0067_0067.jpg 1 26 14 67 67
1519_0029_0006_0042_0042.jpg 1 29 6 42 42
1520_0042_0039_0038_0038.jpg 1 42 39 38 38
1521_0057_0037_0030_0030.jpg 1 57 37 30 30
1522_0028_0013_0060_0060.jpg 1 28 13 60 60
1523_0049_0011_0044_0044.jpg 1 49 11 44 44
1524_0016_0009_0054_0054.jpg 1 16 9 54 54
1525_0048_0028_0038_0038.jpg 1 48 28 38 38
1526_0019_0018_0065_0065.jpg 1 19 18 65 65
1527_0034_0039_0054_0054.jpg 1 34 39 54 54
1528_0020_0045_0046_0046.jpg 1 20 45 46 46
1529_0034_0019_0058_0058.jpg 1 34 19 58 58
1530_0029_0028_0033_0033.jpg 1 29 28 33 33
1531_0032_0058_0027_0027.jpg 1 32 58 27 27
1532_0013_0019_0057_0057.jpg 1 13 19 57 57
1533_0041_0017_0050_0050.jpg 1 41 17 50 50
1534_0030_0030_0031_0031.jpg 1 30 30 31 31
1535_0044_0054_0034_0034.jpg 1 44 54 34 34
1536_0016_0037_0043_0043.jpg 1 16 37 43 43
1537_0025_0057_0026_0026.jpg 1 25 57 26 26
1538_0022_0022_0047_0047.jpg 1 22 22 47 47
1539_0013_0028_0059_0059.jpg 1 13 28 59 59
1540_0044_0049_0031_0031.jpg 1 44 49 31 31
1541_0048_0025_0034_0034.jpg 1 48 25 34 34
1542_0020_0021_0063_0063.jpg 1 20 21 63 63
1543_0020_0028_0052_0052.jpg 1 20 28 52 52
1544_0008_0037_0039_0039.jpg 1 8 37 39 39
1545_0023_0034_0056_0056.jpg 1 23 34 56 56
1546_0017_0008_0052_0052.jpg 1 17 8 52 52
1547_0018_0016_0055_0055.jpg 1 18 16 55 55
1548_0031_0027_0032_0032.jpg 1 31 27 32 32
1549_0056_0019_0035_0035.jpg 1 56 19 35 35
1550_0017_0035_0036_0036.jpg 1 17 35 36 36
1551_0046_0027_0043_0043.jpg 1 46 27 43 43
1552_0015_0009_0061_0061.jpg 1 15 9 61 61
1553_0029_0028_0048_0048.jpg 1 29 28 48 48
1554_0047_0019_0040_0040.jpg 1 47 19 40 40
1555_0029_0016_0063_0063.jpg 1 29 16 63 63
1556_0011_0029_0057_0057.jpg 1 11 29 57 57
1557_0009_0009_0064_0064.jpg 1 9 9 64 64
1558_0024_0029_0049_0049.jpg 1 24 29 49 49
1559_0012_0011_0045_0045.jpg 1 12 11 45 45
1560_0006_0006_0069_0069.jpg 1 6 6 69 69
1561_0014_0021_0040_0040.jpg 1 14 21 40 40
1562_0017_0006_0043_0043.jpg 1 17 6 43 43
1563_0024_0006_0037_0037.jpg 1 24 6 37 37
1564_0034_0029_0031_0031.jpg 1 34 29 31 31
1565_0005_0038_0045_0045.jpg 1 5 38 45 45
1566_0027_0062_0028_0028.jpg 1 27 62 28 28
1567_0020_0034_0030_0030.jpg 1 20 34 30 30
1568_0033_0012_0036_0036.jpg 1 33 12 36 36
1569_0045_0020_0044_0044.jpg 1 45 20 44 44
1570_0020_0009_0029_0029.jpg 1 20 9 29 29
1571_0011_0004_0062_0062.jpg 1 11 4 62 62
1572_0011_0016_0064_0064.jpg 1 11 16 64 64
1573_0043_0044_0042_0042.jpg 1 43 44 42 42
1574_0041_0009_0048_0048.jpg 1 41 9 48 48
1575_0021_0029_0028_0028.jpg 1 21 29 28 28
1576_0028_0052_0039_0039.jpg 1 28 52 39 39
1577_0025_0013_0053_0053.jpg 1 25 13 53 53
1578_0014_0011_0062_0062.jpg 1 14 11 62 62
1579_0059_0012_0032_0032.jpg 1 59 12 32 32
1580_0022_0031_0062_0062.jpg 1 22 31 62 62
1581_0026_0029_0051_0051.jpg 1 26 29 51 51
1582_0042_0046_0026_0026.jpg 1 42 46 26 26
1583_0020_0012_0056_0056.jpg 1 20 12 56 56
1584_0025_0009_0057_0057.jpg 1 25 9 57 57
1585_0015_0035_0026_0026.jpg 1 15 35 26 26
1586_0019_0020_0060_0060.jpg 1 19 20 60 60
1587_0011_0009_0055_0055.jpg 1 11 9 55 55
1588_0012_0003_0065_0065.jpg 1 12 3 65 65
1589_0048_0051_0026_0026.jpg 1 48 51 26 26
1590_0028_0015_0067_0067.jpg 1 28 15 67 67
1591_0023_0022_0050_0050.jpg 1 23 22 50 50
1592_0022_0023_0062_0062.jpg 1 22 23 62 62
1593_0033_0052_0035_0035.jpg 1 33 52 35 35
1594_0016_0007_0064_0064.jpg 1 16 7 64 64
1595_0025_0008_0052_0052.jpg 1 25 8 52 52
1596_0021_0039_0042_0042.jpg 1 21 39 42 42
1597_0044_0036_0028_0028.jpg 1 44 36 28 28
1598_0031_0010_0064_0064.jpg 1 31 10 64 64
1599_0010_0004_0063_0063.jpg 1 10 4 63 63
1600_0014_0022_0054_0054.jpg 1 14 22 54 54
1601_0009_0005_0052_0052.jpg 1 9 5 52 52
1602_0043_0054_0033_0033.jpg 1 43 54 33 33
1603_0035_0014_0046_0046.jpg 1 35 14 46 46
1604_0026_0042_0037_0037.jpg 1 26 42 37 37
1605_0024_0021_0064_0064.jpg 1 24 21 64 64
1606_0027_0033_0062_0062.jpg 1 27 33 62 62
1607_0040_0018_0048_0048.jpg 1 40 18 48 48
1608_0027_0025_0062_0062.jpg 1 27 25 62 62
1609_0026_0053_0031_0031.jpg 1 26 53 31 31
1610_0033_0030_0061_0061.jpg 1 33 30 61 61
1611_0040_0020_0024_0024.jpg 1 40 20 24 24
1612_0054_0033_0038_0038.jpg 1 54 33 38 38
1613_0027_0036_0052_0052.jpg 1 27 36 52 52
1614_0014_0029_0037_0037.jpg 1 14 29 37 37
1615_0013_0028_0026_0026.jpg 1 13 28 26 26
1616_0017_0046_0024_0024.jpg 1 17 46 24 24
1617_0042_0007_0038_0038.jpg 1 42 7 38 38
1618_0004_0033_0059_0059.jpg 1 4 33 59 59
1619_0031_0034_0045_0045.jpg 1 31 34 45 45
1620_0018_0006_0055_0055.jpg 1 18 6 55 55
1621_0009_0049_0045_0045.jpg 1 9 49 45 45
1622_0019_0026_0050_0050.jpg 1 19 26 50 50
1623_0021_0023_0056_0056.jpg 1 21 23 56 56
1624_0056_0031_0031_0031.jpg 1 56 31 31 31
1625_0015_0027_0030_0030.jpg 1 15 27 30 30
1626_0056_0033_0028_0028.jpg 1 56 33 28 28
1627_0037_0055_0028_0028.jpg 1 37 55 28 28
1628_0008_0007_0044_0044.jpg 1 8 7 44 44
1629_0046_0015_0046_0046.jpg 1 46 15 46 46
1630_0029_0007_0060_0060.jpg 1 29 7 60 60
1631_0007_0010_0065_0065.jpg 1 7 10 65 65
1632_0017_0039_0032_0032.jpg 1 17 39 32 32
1633_0011_0010_0059_0059.jpg 1 11 10 59 59
1634_0040_0042_0029_0029.jpg 1 40 42 29 29
1635_0052_0038_0033_0033.jpg 1 52 38 33 33
1636_0020_0042_0052_0052.jpg 1 20 42 52 52
1637_0011_0044_0037_0037.jpg 1 11 44 37 37
1638_0013_0019_0049_0049.jpg 1 13 19 49 49
1639_0051_0047_0031_0031.jpg 1 51 47 31 31
1640_0023_0039_0056_0056.jpg 1 23 39 56 56
1641_0046_0026_0037_0037.jpg 1 46 26 37 37
1642_0028_0043_0037_0037.jpg 1 28 43 37 37
1643_0050_0025_0028_0028.jpg 1 50 25 28 28
1644_0010_0005_0051_0051.jpg 1 10 5 51 51
1645_0025_0021_0060_0060.jpg 1 25 21 60 60
1646_0021_0026_0069_0069.jpg 1 21 26 69 69
1647_0049_0028_0030_0030.jpg 1 49 28 30 30
1648_0042_0047_0027_0027.jpg 1 42 47 27 27
1649_0020_0022_0062_0062.jpg 1 20 22 62 62
1650_0004_0010_0069_0069.jpg 1 4 10 69 69
1651_0062_0023_0026_0026.jpg 1 62 23 26 26
1652_0034_0041_0047_0047.jpg 1 34 41 47 47
1653_0055_0053_0029_0029.jpg 1 55 53 29 29
1654_0047_0015_0025_0025.jpg 1 47 15 25 25
1655_0047_0041_0036_0036.jpg 1 47 41 36 36
1656_0032_0005_0061_0061.jpg 1 32 5 61 61
1657_0020_0014_0068_0068.jpg 1 20 14 68 68
1658_0033_0016_0051_0051.jpg 1 33 16 51 51
1659_0019_0044_0035_0035.jpg 1 19 44 35 35
1660_0044_0034_0038_0038.jpg 1 44 34 38 38
1661_0053_0013_0028_0028.jpg 1 53 13 28 28
1662_0035_0025_0045_0045.jpg 1 35 25 45 45
1663_0010_0019_0060_0060.jpg 1 10 19 60 60
1664_0039_0022_0052_0052.jpg 1 39 22 52 52
1665_0005_0030_0063_0063.jpg 1 5 30 63 63
1666_0018_0006_0061_0061.jpg 1 18 6 61 61
1667_0027_0006_0054_0054.jpg 1 27 6 54 54
1668_0025_0026_0037_0037.jpg 1 25 26 37 37
1669_0014_0026_0035_0035.jpg 1 14 26 35 35
1670_0052_0045_0034_0034.jpg 1 52 45 34 34
1671_0040_0032_0032_0032.jpg 1 40 32 32 32
1672_0023_0013_0046_0046.jpg 1 23 13 46 46
1673_0026_0048_0034_0034.jpg 1 26 48 34 34
1674_0037_0024_0036_0036.jpg 1 37 24 36 36
1675_0033_0035_0031_0031.jpg 1 33 35 31 31
1676_0017_0015_0038_0038.jpg 1 17 15 38 38
1677_0011_0009_0043_0043.jpg 1 11 9 43 43
1678_0017_0028_0040_0040.jpg 1 17 28 40 40
1679_0021_0018_0035_0035.jpg 1 21 18 35 35
1680_0009_0012_0058_0058.jpg 1 9 12 58 58
1681_0007_0035_0057_0057.jpg 1 7 35 57 57
1682_0025_0041_0033_0033.jpg 1 25 41 33 33
1683_0018_0039_0050_0050.jpg 1 18 39 50 50
1684_0010_0011_0068_0068.jpg 1 10 11 68 68
1685_0033_0030_0043_0043.jpg 1 33 30 43 43
1686_0051_0047_0037_0037.jpg 1 51 47 37 37
1687_0017_0013_0040_0040.jpg 1 17 13 40 40
1688_0042_0022_0031_0031.jpg 1 42 22 31 31
1689_0040_0005_0045_0045.jpg 1 40 5 45 45
1690_0015_0038_0048_0048.jpg 1 15 38 48 48
1691_0011_0015_0056_0056.jpg 1 11 15 56 56
1692_0010_0038_0045_0045.jpg 1 10 38 45 45
1693_0044_0005_0048_0048.jpg 1 44 5 48 48
1694_0020_0005_0045_0045.jpg 1 20 5 45 45
1695_0009_0017_0065_0065.jpg 1 9 17 65 65
1696_0042_0010_0034_0034.jpg 1 42 10 34 34
1697_0005_0011_0062_0062.jpg 1 5 11 62 62
1698_0010_0020_0054_0054.jpg 1 10 20 54 54
1699_0061_0031_0030_0030.jpg 1 61 31 30 30
1700_0056_0016_0031_0031.jpg 1 56 16 31 31
1701_0037_0011_0049_0049.jpg 1 37 11 49 49
1702_0011_0039_0047_0047.jpg 1 11 39 47 47
1703_0011_0022_0044_0044.jpg 1 11 22 44 44
1704_0013_0031_0059_0059.jpg 1 13 31 59 59
1705_0060_0047_0032_0032.jpg 1 60 47 32 32
1706_0060_0068_0024_0024.jpg 1 60 68 24 24
1707_0006_0011_0069_0069.jpg 1 6 11 69 69
1708_0008_0013_0042_0042.jpg 1 8 13 42 42
1709_0042_0015_0031_0031.jpg 1 42 15 31 31
1710_0029_0020_0062_0062.jpg 1 29 20 62 62
1711_0045_0051_0040_0040.jpg 1 45 51 40 40
1712_0050_0055_0037_0037.jpg 1 50 55 37 37
1713_0030_0012_0063_0063.jpg 1 30 12 63 63
1714_0023_0016_0064_0064.jpg 1 23 16 64 64
1715_0034_0031_0057_0057.jpg 1 34 31 57 57
1716_0037_0036_0037_0037.jpg 1 37 36 37 37
1717_0029_0026_0064_0064.jpg 1 29 26 64 64
1718_0030_0028_0033_0033.jpg 1 30 28 33 33
1719_0016_0023_0068_0068.jpg 1 16 23 68 68
1720_0024_0008_0031_0031.jpg 1 24 8 31 31
1721_0028_0011_0061_0061.jpg 1 28 11 61 61
1722_0010_0016_0069_0069.jpg 1 10 16 69 69
1723_0008_0026_0066_0066.jpg 1 8 26 66 66
1724_0034_0010_0054_0054.jpg 1 34 10 54 54
1725_0018_0026_0069_0069.jpg 1 18 26 69 69
1726_0033_0035_0055_0055.jpg 1 33 35 55 55
1727_0010_0009_0058_0058.jpg 1 10 9 58 58
1728_0021_0018_0067_0067.jpg 1 21 18 67 67
1729_0027_0040_0052_0052.jpg 1 27 40 52 52
1730_0026_0032_0049_0049.jpg 1 26 32 49 49
1731_0008_0026_0069_0069.jpg 1 8 26 69 69
1732_0021_0019_0051_0051.jpg 1 21 19 51 51
1733_0022_0020_0068_0068.jpg 1 22 20 68 68
1734_0032_0017_0062_0062.jpg 1 32 17 62 62
1735_0007_0028_0052_0052.jpg 1 7 28 52 52
1736_0010_0042_0041_0041.jpg 1 10 42 41 41
1737_0037_0021_0056_0056.jpg 1 37 21 56 56
1738_0047_0018_0037_0037.jpg 1 47 18 37 37
1739_0005_0024_0064_0064.jpg 1 5 24 64 64
1740_0041_0029_0052_0052.jpg 1 41 29 52 52
1741_0016_0007_0058_0058.jpg 1 16 7 58 58
1742_0020_0029_0066_0066.jpg 1 20 29 66 66
1743_0012_0037_0038_0038.jpg 1 12 37 38 38
1744_0047_0022_0031_0031.jpg 1 47 22 31 31
1745_0007_0007_0062_0062.jpg 1 7 7 62 62
1746_0030_0022_0052_0052.jpg 1 30 22 52 52
1747_0035_0010_0030_0030.jpg 1 35 10 30 30
1748_0037_0043_0047_0047.jpg 1 37 43 47 47
1749_0029_0036_0048_0048.jpg 1 29 36 48 48
1750_0025_0052_0031_0031.jpg 1 25 52 31 31
1751_0012_0027_0049_0049.jpg 1 12 27 49 49
1752_0008_0011_0057_0057.jpg 1 8 11 57 57
1753_0045_0065_0027_0027.jpg 1 45 65 27 27
1754_0051_0018_0043_0043.jpg 1 51 18 43 43
1755_0016_0045_0030_0030.jpg 1 16 45 30 30
1756_0024_0025_0054_0054.jpg 1 24 25 54 54
1757_0017_0025_0066_0066.jpg 1 17 25 66 66
1758_0035_0028_0056_0056.jpg 1 35 28 56 56
1759_0043_0036_0046_0046.jpg 1 43 36 46 46
1760_0015_0017_0055_0055.jpg 1 15 17 55 55
1761_0035_0018_0025_0025.jpg 1 35 18 25 25
1762_0025_0010_0027_0027.jpg 1 25 10 27 27
1763_0007_0061_0029_0029.jpg 1 7 61 29 29
1764_0060_0056_0024_0024.jpg 1 60 56 24 24
1765_0050_0045_0028_0028.jpg 1 50 45 28 28
1766_0018_0019_0066_0066.jpg 1 18 19 66 66
1767_0024_0027_0063_0063.jpg 1 24 27 63 63
1768_0019_0045_0036_0036.jpg 1 19 45 36 36
1769_0033_0004_0053_0053.jpg 1 33 4 53 53
1770_0007_0012_0064_0064.jpg 1 7 12 64 64
1771_0022_0004_0068_0068.jpg 1 22 4 68 68
1772_0016_0048_0042_0042.jpg 1 16 48 42 42
1773_0006_0019_0057_0057.jpg 1 6 19 57 57
1774_0028_0017_0032_0032.jpg 1 28 17 32 32
1775_0011_0021_0031_0031.jpg 1 11 21 31 31
1776_0009_0021_0054_0054.jpg 1 9 21 54 54
1777_0011_0027_0031_0031.jpg 1 11 27 31 31
1778_0015_0023_0069_0069.jpg 1 15 23 69 69
1779_0023_0017_0047_0047.jpg 1 23 17 47 47
1780_0005_0013_0051_0051.jpg 1 5 13 51 51
1781_0010_0030_0046_0046.jpg 1 10 30 46 46
1782_0037_0010_0036_0036.jpg 1 37 10 36 36
1783_0034_0023_0052_0052.jpg 1 34 23 52 52
1784_0032_0026_0048_0048.jpg 1 32 26 48 48
1785_0008_0050_0032_0032.jpg 1 8 50 32 32
1786_0021_0017_0058_0058.jpg 1 21 17 58 58
1787_0020_0006_0058_0058.jpg 1 20 6 58 58
1788_0034_0031_0056_0056.jpg 1 34 31 56 56
1789_0028_0023_0065_0065.jpg 1 28 23 65 65
1790_0018_0037_0053_0053.jpg 1 18 37 53 53
1791_0041_0033_0053_0053.jpg 1 41 33 53 53
1792_0021_0047_0036_0036.jpg 1 21 47 36 36
1793_0061_0018_0027_0027.jpg 1 61 18 27 27
1794_0033_0028_0045_0045.jpg 1 33 28 45 45
1795_0010_0019_0057_0057.jpg 1 10 19 57 57
1796_0027_0004_0068_0068.jpg 1 27 4 68 68
1797_0037_0032_0035_0035.jpg 1 37 32 35 35
1798_0015_0010_0068_0068.jpg 1 15 10 68 68
1799_0022_0051_0028_0028.jpg 1 22 51 28 28
1800_0009_0033_0057_0057.jpg 1 9 33 57 57
1801_0018_0015_0067_0067.jpg 1 18 15 67 67
1802_0024_0047_0025_0025.jpg 1 24 47 25 25
1803_0028_0033_0062_0062.jpg 1 28 33 62 62
1804_0059_0013_0027_0027.jpg 1 59 13 27 27
1805_0030_0036_0051_0051.jpg 1 30 36 51 51
1806_0027_0045_0036_0036.jpg 1 27 45 36 36
1807_0050_0013_0037_0037.jpg 1 50 13 37 37
1808_0008_0012_0063_0063.jpg 1 8 12 63 63
1809_0007_0026_0060_0060.jpg 1 7 26 60 60
1810_0058_0010_0032_0032.jpg 1 58 10 32 32
1811_0037_0012_0058_0058.jpg 1 37 12 58 58
1812_0032_0047_0040_0040.jpg 1 32 47 40 40
1813_0013_0028_0059_0059.jpg 1 13 28 59 59
1814_0050_0036_0043_0043.jpg 1 50 36 43 43
1815_0046_0043_0028_0028.jpg 1 46 43 28 28
1816_0028_0030_0049_0049.jpg 1 28 30 49 49
1817_0006_0014_0059_0059.jpg 1 6 14 59 59
1818_0036_0030_0058_0058.jpg 1 36 30 58 58
1819_0041_0024_0043_0043.jpg 1 41 24 43 43
1820_0016_0023_0058_0058.jpg 1 16 23 58 58
1821_0008_0009_0062_0062.jpg 1 8 9 62 62
1822_0019_0018_0066_0066.jpg 1 19 18 66 66
1823_0037_0043_0037_0037.jpg 1 37 43 37 37
1824_0048_0022_0037_0037.jpg 1 48 22 37 37
1825_0022_0013_0060_0060.jpg 1 22 13 60 60
1826_0052_0025_0024_0024.jpg 1 52 25 24 24
1827_0019_0022_0058_0058.jpg 1 19 22 58 58
1828_0036_0010_0052_0052.jpg 1 36 10 52 52
1829_0042_0011_0038_0038.jpg 1 42 11 38 38
1830_0009_0054_0033_0033.jpg 1 9 54 33 33
1831_0026_0015_0053_0053.jpg 1 26 15 53 53
1832_0053_0023_0028_0028.jpg 1 53 23 28 28
1833_0060_0019_0029_0029.jpg 1 60 19 29 29
1834_0006_0018_0060_0060.jpg 1 6 18 60 60
1835_0036_0018_0057_0057.jpg 1 36 18 57 57
1836_0020_0007_0039_0039.jpg 1 20 7 39 39
1837_0059_0011_0034_0034.jpg 1 59 11 34 34
1838_0039_0055_0029_0029.jpg 1 39 55 29 29
1839_0008_0029_0047_0047.jpg 1 8 29 47 47
1840_0041_0024_0047_0047.jpg 1 41 24 47 47
1841_0004_0025_0068_0068.jpg 1 4 25 68 68
1842_0010_0011_0059_0059.jpg 1 10 11 59 59
1843_0034_0034_0056_0056.jpg 1 34 34 56 56
1844_0021_0035_0033_0033.jpg 1 21 35 33 33
1845_0008_0020_0064_0064.jpg 1 8 20 64 64
1846_0014_0036_0050_0050.jpg 1 14 36 50 50
1847_0039_0009_0046_0046.jpg 1 39 9 46 46
1848_0007_0067_0024_0024.jpg 1 7 67 24 24
1849_0022_0009_0058_0058.jpg 1 22 9 58 58
1850_0013_0016_0065_0065.jpg 1 13 16 65 65
1851_0017_0022_0055_0055.jpg 1 17 22 55 55
1852_0006_0044_0047_0047.jpg 1 6 44 47 47
1853_0040_0038_0038_0038.jpg 1 40 38 38 38
1854_0017_0038_0035_0035.jpg 1 17 38 35 35
1855_0023_0032_0059_0059.jpg 1 23 32 59 59
1856_0050_0011_0040_0040.jpg 1 50 11 40 40
1857_0050_0008_0041_0041.jpg 1 50 8 41 41
1858_0026_0041_0038_0038.jpg 1 26 41 38 38
1859_0006_0007_0062_0062.jpg 1 6 7 62 62
1860_0038_0013_0053_0053.jpg 1 38 13 53 53
1861_0022_0028_0025_0025.jpg 1 22 28 25 25
1862_0005_0022_0053_0053.jpg 1 5 22 53 53
1863_0022_0031_0062_0062.jpg 1 22 31 62 62
1864_0030_0024_0061_0061.jpg 1 30 24 61 61
1865_0024_0026_0046_0046.jpg 1 24 26 46 46
1866_0030_0024_0049_0049.jpg 1 30 24 49 49
1867_0026_0051_0042_0042.jpg 1 26 51 42 42
1868_0053_0044_0039_0039.jpg 1 53 44 39 39
1869_0044_0007_0049_0049.jpg 1 44 7 49 49
1870_0052_0032_0040_0040.jpg 1 52 32 40 40
1871_0018_0003_0067_0067.jpg 1 18 3 67 67
1872_0023_0019_0068_0068.jpg 1 23 19 68 68
1873_0021_0035_0040_0040.jpg 1 21 35 40 40
1874_0039_0030_0024_0024.jpg 1 39 30 24 24
1875_0012_0024_0061_0061.jpg 1 12 24 61 61
1876_0026_0029_0041_0041.jpg 1 26 29 41 41
1877_0029_0015_0061_0061.jpg 1 29 15 61 61
1878_0038_0023_0048_0048.jpg 1 38 23 48 48
1879_0033_0024_0025_0025.jpg 1 33 24 25 25
1880_0029_0009_0048_0048.jpg 1 29 9 48 48
1881_0054_0034_0027_0027.jpg 1 54 34 27 27
1882_0030_0048_0025_0025.jpg 1 30 48 25 25
1883_0013_0043_0041_0041.jpg 1 13 43 41 41
1884_0058_0025_0028_0028.jpg 1 58 25 28 28
1885_0033_0008_0053_0053.jpg 1 33 8 53 53
1886_0015_0021_0061_0061.jpg 1 15 21 61 61
1887_0028_0030_0057_0057.jpg 1 28 30 57 57
1888_0053_0026_0034_0034.jpg 1 53 26 34 34
1889_0029_0023_0060_0060.jpg 1 29 23 60 60
1890_0006_0029_0067_0067.jpg 1 6 29 67 67
1891_0025_0020_0066_0066.jpg 1 25 20 66 66
1892_0028_0034_0057_0057.jpg 1 28 34 57 57
1893_0031_0024_0054_0054.jpg 1 31 24 54 54
1894_0017_0026_0052_0052.jpg 1 17 26 52 52
1895_0028_0019_0057_0057.jpg 1 28 19 57 57
1896_0038_0022_0049_0049.jpg 1 38 22 49 49
1897_0006_0010_0057_0057.jpg 1 6 10 57 57
1898_0034_0007_0054_0054.jpg 1 34 7 54 54
1899_0028_0017_0061_0061.jpg 1 28 17 61 61
1900_0018_0046_0029_0029.jpg 1 18 46 29 29
1901_0055_0008_0035_0035.jpg 1 55 8 35 35
1902_0019_0036_0036_0036.jpg 1 19 36 36 36
1903_0039_0024_0046_0046.jpg 1 39 24 46 46
1904_0016_0052_0040_0040.jpg 1 16 52 40 40
1905_0046_0007_0041_0041.jpg 1 46 7 41 41
1906_0010_0008_0038_0038.jpg 1 10 8 38 38
1907_0036_0066_0024_0024.jpg 1 36 66 24 24
1908_0024_0009_0037_0037.jpg 1 24 9 37 37
1909_0036_0046_0037_0037.jpg 1 36 46 37 37
1910_0052_0055_0025_0025.jpg 1 52 55 25 25
1911_0018_0049_0045_0045.jpg 1 18 49 45 45
1912_0018_0030_0051_0051.jpg 1 18 30 51 51
1913_0039_0061_0029_0029.jpg 1 39 61 29 29
1914_0007_0019_0057_0057.jpg 1 7 19 57 57
1915_0006_0038_0047_0047.jpg 1 6 38 47 47
1916_0020_0058_0028_0028.jpg 1 20 58 28 28
1917_0013_0016_0066_0066.jpg 1 13 16 66 66
1918_0025_0049_0042_0042.jpg 1 25 49 42 42
1919_0037_0007_0045_0045.jpg 1 37 7 45 45
1920_0015_0025_0059_0059.jpg 1 15 25 59 59
1921_0036_0010_0051_0051.jpg 1 36 10 51 51
1922_0046_0035_0035_0035.jpg 1 46 35 35 35
1923_0008_0028_0042_0042.jpg 1 8 28 42 42
1924_0014_0037_0039_0039.jpg 1 14 37 39 39
1925_0050_0060_0025_0025.jpg 1 50 60 25 25
1926_0021_0034_0040_0040.jpg 1 21 34 40 40
1927_0012_0044_0035_0035.jpg 1 12 44 35 35
1928_0045_0042_0035_0035.jpg 1 45 42 35 35
1929_0017_0030_0048_0048.jpg 1 17 30 48 48
1930_0019_0020_0034_0034.jpg 1 19 20 34 34
1931_0028_0052_0029_0029.jpg 1 28 52 29 29
1932_0033_0012_0048_0048.jpg 1 33 12 48 48
1933_0017_0019_0063_0063.jpg 1 17 19 63 63
1934_0020_0006_0053_0053.jpg 1 20 6 53 53
1935_0031_0032_0064_0064.jpg 1 31 32 64 64
1936_0050_0051_0024_0024.jpg 1 50 51 24 24
1937_0033_0022_0046_0046.jpg 1 33 22 46 46
1938_0026_0028_0037_0037.jpg 1 26 28 37 37
1939_0006_0046_0044_0044.jpg 1 6 46 44 44
1940_0030_0030_0034_0034.jpg 1 30 30 34 34
1941_0033_0049_0044_0044.jpg 1 33 49 44 44
1942_0047_0060_0025_0025.jpg 1 47 60 25 25
1943_0040_0021_0026_0026.jpg 1 40 21 26 26
1944_0047_0029_0039_0039.jpg 1 47 29 39 39
1945_0018_0029_0033_0033.jpg 1 18 29 33 33
1946_0024_0019_0034_0034.jpg 1 24 19 34 34
1947_0044_0056_0024_0024.jpg 1 44 56 24 24
1948_0033_0018_0045_0045.jpg 1 33 18 45 45
1949_0036_0030_0042_0042.jpg 1 36 30 42 42
1950_0046_0016_0027_0027.jpg 1 46 16 27 27
